<?xml version="1.0" encoding="UTF-8"?>
<!-- Generated by org.testng.reporters.JUnitXMLReporter -->
<testsuite ignored="0" hostname="MSI" failures="0" tests="6" name="Test" time="1.566" errors="0" timestamp="2025-01-11T13:21:01 IST">
  <testcase classname="com.citibank.testcases.Base" name="@BeforeMethod SetUp" time="-1.736581861147E9">
    <failure type="org.testng.TestNGException" message="
Parameter &amp;apos;browser&amp;apos; is required by BeforeMethod on method SetUp but has not been marked @Optional or defined
in C:\Users\Satee\eclipse-workspace\CitiBank\sanity.xml">
      <![CDATA[org.testng.TestNGException: 
Parameter 'browser' is required by BeforeMethod on method SetUp but has not been marked @Optional or defined
in C:\Users\Satee\eclipse-workspace\CitiBank\sanity.xml
at java.base/java.util.ArrayList.forEach(ArrayList.java:1541)
... Removed 31 stack frames]]>
    </failure>
  </testcase> <!-- @BeforeMethod SetUp -->
  <testcase classname="com.citibank.testcases.Base" name="@AfterMethod TearDown" time="0.002">
    <failure type="java.lang.NullPointerException">
      <![CDATA[java.lang.NullPointerException
at com.citibank.testcases.Base.TearDown(Base.java:62)
at java.base/java.util.ArrayList.forEach(ArrayList.java:1541)
... Removed 35 stack frames]]>
    </failure>
  </testcase> <!-- @AfterMethod TearDown -->
  <testcase classname="com.citibank.testcases.Base" name="@BeforeMethod SetUp" time="-1.736581861255E9">
    <failure type="org.testng.TestNGException" message="
Parameter &amp;apos;browser&amp;apos; is required by BeforeMethod on method SetUp but has not been marked @Optional or defined
in C:\Users\Satee\eclipse-workspace\CitiBank\sanity.xml">
      <![CDATA[org.testng.TestNGException: 
Parameter 'browser' is required by BeforeMethod on method SetUp but has not been marked @Optional or defined
in C:\Users\Satee\eclipse-workspace\CitiBank\sanity.xml
at java.base/java.util.ArrayList.forEach(ArrayList.java:1541)
... Removed 31 stack frames]]>
    </failure>
  </testcase> <!-- @BeforeMethod SetUp -->
  <testcase classname="com.citibank.testcases.Base" name="@AfterMethod TearDown" time="0.0">
    <failure type="java.lang.NullPointerException">
      <![CDATA[java.lang.NullPointerException
at com.citibank.testcases.Base.TearDown(Base.java:62)
at java.base/java.util.ArrayList.forEach(ArrayList.java:1541)
... Removed 35 stack frames]]>
    </failure>
  </testcase> <!-- @AfterMethod TearDown -->
  <testcase classname="com.citibank.testcases.Base" name="@BeforeMethod SetUp" time="-1.736581861259E9">
    <failure type="org.testng.TestNGException" message="
Parameter &amp;apos;browser&amp;apos; is required by BeforeMethod on method SetUp but has not been marked @Optional or defined
in C:\Users\Satee\eclipse-workspace\CitiBank\sanity.xml">
      <![CDATA[org.testng.TestNGException: 
Parameter 'browser' is required by BeforeMethod on method SetUp but has not been marked @Optional or defined
in C:\Users\Satee\eclipse-workspace\CitiBank\sanity.xml
at java.base/java.util.ArrayList.forEach(ArrayList.java:1541)
... Removed 31 stack frames]]>
    </failure>
  </testcase> <!-- @BeforeMethod SetUp -->
  <testcase classname="com.citibank.testcases.Base" name="@AfterMethod TearDown" time="0.0">
    <failure type="java.lang.NullPointerException">
      <![CDATA[java.lang.NullPointerException
at com.citibank.testcases.Base.TearDown(Base.java:62)
at java.base/java.util.ArrayList.forEach(ArrayList.java:1541)
... Removed 35 stack frames]]>
    </failure>
  </testcase> <!-- @AfterMethod TearDown -->
  <testcase classname="com.citibank.testcases.Base" name="@BeforeMethod SetUp" time="-1.736581861323E9">
    <failure type="org.testng.TestNGException" message="
Parameter &amp;apos;browser&amp;apos; is required by BeforeMethod on method SetUp but has not been marked @Optional or defined
in C:\Users\Satee\eclipse-workspace\CitiBank\sanity.xml">
      <![CDATA[org.testng.TestNGException: 
Parameter 'browser' is required by BeforeMethod on method SetUp but has not been marked @Optional or defined
in C:\Users\Satee\eclipse-workspace\CitiBank\sanity.xml
at java.base/java.util.ArrayList.forEach(ArrayList.java:1541)
... Removed 31 stack frames]]>
    </failure>
  </testcase> <!-- @BeforeMethod SetUp -->
  <testcase classname="com.citibank.testcases.Base" name="@AfterMethod TearDown" time="0.0">
    <failure type="java.lang.NullPointerException">
      <![CDATA[java.lang.NullPointerException
at com.citibank.testcases.Base.TearDown(Base.java:62)
at java.base/java.util.ArrayList.forEach(ArrayList.java:1541)
... Removed 35 stack frames]]>
    </failure>
  </testcase> <!-- @AfterMethod TearDown -->
  <testcase classname="com.citibank.testcases.Base" name="@BeforeMethod SetUp" time="-1.736581861365E9">
    <failure type="org.testng.TestNGException" message="
Parameter &amp;apos;browser&amp;apos; is required by BeforeMethod on method SetUp but has not been marked @Optional or defined
in C:\Users\Satee\eclipse-workspace\CitiBank\sanity.xml">
      <![CDATA[org.testng.TestNGException: 
Parameter 'browser' is required by BeforeMethod on method SetUp but has not been marked @Optional or defined
in C:\Users\Satee\eclipse-workspace\CitiBank\sanity.xml
at java.base/java.util.ArrayList.forEach(ArrayList.java:1541)
... Removed 31 stack frames]]>
    </failure>
  </testcase> <!-- @BeforeMethod SetUp -->
  <testcase classname="com.citibank.testcases.Base" name="@AfterMethod TearDown" time="0.0">
    <failure type="java.lang.NullPointerException">
      <![CDATA[java.lang.NullPointerException
at com.citibank.testcases.Base.TearDown(Base.java:62)
at java.base/java.util.ArrayList.forEach(ArrayList.java:1541)
... Removed 35 stack frames]]>
    </failure>
  </testcase> <!-- @AfterMethod TearDown -->
  <testcase classname="com.citibank.testcases.CitiBank_LoginTest" name="TC001_LoginTest_LoginWithValidCredentials" time="0.0">
    <skipped/>
  </testcase> <!-- TC001_LoginTest_LoginWithValidCredentials -->
  <testcase classname="com.citibank.testcases.CitiBank_LoginTest" name="TC002_LoginTest_LoginWithValidUsernameAndInValidPassword" time="0.0">
    <skipped/>
  </testcase> <!-- TC002_LoginTest_LoginWithValidUsernameAndInValidPassword -->
  <testcase classname="com.citibank.testcases.CitiBank_LoginTest" name="TC003_LoginTest_LoginWithInValidUserNameAndValidPassword" time="0.0">
    <skipped/>
  </testcase> <!-- TC003_LoginTest_LoginWithInValidUserNameAndValidPassword -->
  <testcase classname="com.citibank.testcases.CitiBank_LoginTest" name="TC004_LoginTest_LoginWithOutCredentials" time="0.0">
    <skipped/>
  </testcase> <!-- TC004_LoginTest_LoginWithOutCredentials -->
  <testcase classname="com.citibank.testcases.CitiBank_LoginTest" name="TC005_LoginTest_LoginWithWrongCredentials" time="0.0">
    <skipped/>
  </testcase> <!-- TC005_LoginTest_LoginWithWrongCredentials -->
  <testcase classname="com.citibank.testcases.CitiBank_LoginTest" name="TC006_LoginTest_LoginWithValidCredentialsUsingEnter" time="0.0">
    <skipped/>
  </testcase> <!-- TC006_LoginTest_LoginWithValidCredentialsUsingEnter -->
</testsuite> <!-- Test -->
