2025-01-04 16:28:04,277 [main] [INFO ] rootLogger:39:LoginPageObjects.java - Entered Username: mngr26593
2025-01-04 16:28:04,378 [main] [INFO ] rootLogger:46:LoginPageObjects.java - Entered Username: 123Abc@
2025-01-04 16:28:05,158 [main] [INFO ] rootLogger:53:LoginPageObjects.java - Clicked on login 
2025-01-04 16:28:08,533 [main] [INFO ] rootLogger:39:LoginPageObjects.java - Entered Username: mngr26593
2025-01-04 16:28:08,593 [main] [INFO ] rootLogger:46:LoginPageObjects.java - Entered Username: Sateesh@123
2025-01-04 16:28:08,881 [main] [INFO ] rootLogger:53:LoginPageObjects.java - Clicked on login 
2025-01-04 16:28:12,243 [main] [INFO ] rootLogger:39:LoginPageObjects.java - Entered Username: Sateesh@gmail.com
2025-01-04 16:28:12,308 [main] [INFO ] rootLogger:46:LoginPageObjects.java - Entered Username: 123Abc@
2025-01-04 16:28:12,620 [main] [INFO ] rootLogger:53:LoginPageObjects.java - Clicked on login 
2025-01-04 16:28:15,905 [main] [INFO ] rootLogger:53:LoginPageObjects.java - Clicked on login 
2025-01-04 16:28:20,534 [main] [INFO ] rootLogger:39:LoginPageObjects.java - Entered Username: satesssh
2025-01-04 16:28:20,622 [main] [INFO ] rootLogger:46:LoginPageObjects.java - Entered Username: Sateesh@123
2025-01-04 16:28:20,963 [main] [INFO ] rootLogger:53:LoginPageObjects.java - Clicked on login 
2025-01-04 16:28:24,566 [main] [INFO ] rootLogger:39:LoginPageObjects.java - Entered Username: mngr26593
2025-01-04 16:28:24,637 [main] [INFO ] rootLogger:46:LoginPageObjects.java - Entered Username: 123Abc@
2025-01-04 16:28:25,333 [main] [INFO ] rootLogger:60:LoginPageObjects.java - Hit enter 
2025-01-04 16:35:54,291 [main] [INFO ] rootLogger:40:LoginPageObjects.java - Entered Username: mngr26593
2025-01-04 16:35:54,366 [main] [INFO ] rootLogger:56:LoginPageObjects.java - Entered Username: 123Abc@
2025-01-04 16:35:54,393 [main] [ERROR] rootLogger:73:LoginPageObjects.java - [Ljava.lang.StackTraceElement;@7951c3a2
2025-01-04 16:35:58,092 [main] [INFO ] rootLogger:40:LoginPageObjects.java - Entered Username: mngr26593
2025-01-04 16:35:58,166 [main] [INFO ] rootLogger:56:LoginPageObjects.java - Entered Username: 123Abc@
2025-01-04 16:35:59,798 [main] [INFO ] rootLogger:84:LoginPageObjects.java - Hit enter 
2025-01-04 16:40:02,564 [main] [INFO ] rootLogger:40:LoginPageObjects.java - Entered Username: mngr26593
2025-01-04 16:40:02,644 [main] [INFO ] rootLogger:56:LoginPageObjects.java - Entered Username: 123Abc@
2025-01-04 16:40:02,672 [main] [ERROR] rootLogger:73:LoginPageObjects.java - no such element: Unable to locate element: {"method":"xpath","selector":"//input[@name='btnLogin123']"}
  (Session info: chrome=131.0.6778.205)
For documentation on this error, please visit: https://www.selenium.dev/documentation/webdriver/troubleshooting/errors#no-such-element-exception
Build info: version: '4.20.0', revision: '866c76ca80'
System info: os.name: 'Windows 11', os.arch: 'amd64', os.version: '10.0', java.version: '11.0.20'
Driver info: org.openqa.selenium.chrome.ChromeDriver
Command: [6a880372b910b53dd67e435b8da1d47f, findElement {value=//input[@name='btnLogin123'], using=xpath}]
Capabilities {acceptInsecureCerts: false, browserName: chrome, browserVersion: 131.0.6778.205, chrome: {chromedriverVersion: 131.0.6778.204 (52183f9e99a..., userDataDir: C:\Users\Satee\AppData\Loca...}, fedcm:accounts: true, goog:chromeOptions: {debuggerAddress: localhost:52241}, networkConnectionEnabled: false, pageLoadStrategy: normal, platformName: windows, proxy: Proxy(), se:cdp: ws://localhost:52241/devtoo..., se:cdpVersion: 131.0.6778.205, setWindowRect: true, strictFileInteractability: false, timeouts: {implicit: 0, pageLoad: 300000, script: 30000}, unhandledPromptBehavior: dismiss and notify, webauthn:extension:credBlob: true, webauthn:extension:largeBlob: true, webauthn:extension:minPinLength: true, webauthn:extension:prf: true, webauthn:virtualAuthenticators: true}
Session ID: 6a880372b910b53dd67e435b8da1d47f
2025-01-04 16:40:06,121 [main] [INFO ] rootLogger:40:LoginPageObjects.java - Entered Username: mngr26593
2025-01-04 16:40:06,210 [main] [INFO ] rootLogger:56:LoginPageObjects.java - Entered Username: 123Abc@
2025-01-04 16:40:06,936 [main] [INFO ] rootLogger:84:LoginPageObjects.java - Hit enter 
2025-01-04 16:41:38,472 [main] [INFO ] rootLogger:40:LoginPageObjects.java - Entered Username: mngr26593
2025-01-04 16:41:38,552 [main] [INFO ] rootLogger:57:LoginPageObjects.java - Entered Username: 123Abc@
2025-01-04 16:41:38,578 [main] [ERROR] rootLogger:74:LoginPageObjects.java - no such element: Unable to locate element: {"method":"xpath","selector":"//input[@name='btnLogin123']"}
  (Session info: chrome=131.0.6778.205)
For documentation on this error, please visit: https://www.selenium.dev/documentation/webdriver/troubleshooting/errors#no-such-element-exception
Build info: version: '4.20.0', revision: '866c76ca80'
System info: os.name: 'Windows 11', os.arch: 'amd64', os.version: '10.0', java.version: '11.0.20'
Driver info: org.openqa.selenium.chrome.ChromeDriver
Command: [c16f98d1df2777bd78bbac5988db3046, findElement {value=//input[@name='btnLogin123'], using=xpath}]
Capabilities {acceptInsecureCerts: false, browserName: chrome, browserVersion: 131.0.6778.205, chrome: {chromedriverVersion: 131.0.6778.204 (52183f9e99a..., userDataDir: C:\Users\Satee\AppData\Loca...}, fedcm:accounts: true, goog:chromeOptions: {debuggerAddress: localhost:52350}, networkConnectionEnabled: false, pageLoadStrategy: normal, platformName: windows, proxy: Proxy(), se:cdp: ws://localhost:52350/devtoo..., se:cdpVersion: 131.0.6778.205, setWindowRect: true, strictFileInteractability: false, timeouts: {implicit: 0, pageLoad: 300000, script: 30000}, unhandledPromptBehavior: dismiss and notify, webauthn:extension:credBlob: true, webauthn:extension:largeBlob: true, webauthn:extension:minPinLength: true, webauthn:extension:prf: true, webauthn:virtualAuthenticators: true}
Session ID: c16f98d1df2777bd78bbac5988db3046
2025-01-04 16:41:41,883 [main] [INFO ] rootLogger:40:LoginPageObjects.java - Entered Username: mngr26593
2025-01-04 16:41:41,959 [main] [INFO ] rootLogger:57:LoginPageObjects.java - Entered Username: 123Abc@
2025-01-04 16:41:42,732 [main] [INFO ] rootLogger:85:LoginPageObjects.java - Hit enter 
2025-01-04 16:47:15,084 [main] [INFO ] rootLogger:40:LoginPageObjects.java - Entered Username: mngr26593
2025-01-04 16:47:15,158 [main] [INFO ] rootLogger:57:LoginPageObjects.java - Entered Username: 123Abc@
2025-01-04 16:47:15,186 [main] [ERROR] rootLogger:74:LoginPageObjects.java - no such element: Unable to locate element: {"method":"xpath","selector":"//input[@name='btnLogin123']"}
  (Session info: chrome=131.0.6778.205)
For documentation on this error, please visit: https://www.selenium.dev/documentation/webdriver/troubleshooting/errors#no-such-element-exception
Build info: version: '4.20.0', revision: '866c76ca80'
System info: os.name: 'Windows 11', os.arch: 'amd64', os.version: '10.0', java.version: '11.0.20'
Driver info: org.openqa.selenium.chrome.ChromeDriver
Command: [aa423a46e63ca591abef7a20dac834fd, findElement {using=xpath, value=//input[@name='btnLogin123']}]
Capabilities {acceptInsecureCerts: false, browserName: chrome, browserVersion: 131.0.6778.205, chrome: {chromedriverVersion: 131.0.6778.204 (52183f9e99a..., userDataDir: C:\Users\Satee\AppData\Loca...}, fedcm:accounts: true, goog:chromeOptions: {debuggerAddress: localhost:52580}, networkConnectionEnabled: false, pageLoadStrategy: normal, platformName: windows, proxy: Proxy(), se:cdp: ws://localhost:52580/devtoo..., se:cdpVersion: 131.0.6778.205, setWindowRect: true, strictFileInteractability: false, timeouts: {implicit: 0, pageLoad: 300000, script: 30000}, unhandledPromptBehavior: dismiss and notify, webauthn:extension:credBlob: true, webauthn:extension:largeBlob: true, webauthn:extension:minPinLength: true, webauthn:extension:prf: true, webauthn:virtualAuthenticators: true}
Session ID: aa423a46e63ca591abef7a20dac834fd
2025-01-04 16:47:18,878 [main] [INFO ] rootLogger:40:LoginPageObjects.java - Entered Username: mngr26593
2025-01-04 16:47:18,961 [main] [INFO ] rootLogger:57:LoginPageObjects.java - Entered Username: 123Abc@
2025-01-04 16:47:19,695 [main] [INFO ] rootLogger:85:LoginPageObjects.java - Hit enter 
2025-01-04 17:04:34,764 [main] [ERROR] rootLogger:45:LoginPageObjects.java - no such window: target window already closed
from unknown error: web view not found
  (Session info: chrome=131.0.6778.205)
Build info: version: '4.20.0', revision: '866c76ca80'
System info: os.name: 'Windows 11', os.arch: 'amd64', os.version: '10.0', java.version: '11.0.20'
Driver info: org.openqa.selenium.chrome.ChromeDriver
Command: [24a5b589d8f7a24e17cce8fef7d9b95a, findElement {using=xpath, value=//input[@name='uid']}]
Capabilities {acceptInsecureCerts: false, browserName: chrome, browserVersion: 131.0.6778.205, chrome: {chromedriverVersion: 131.0.6778.204 (52183f9e99a..., userDataDir: C:\Users\Satee\AppData\Loca...}, fedcm:accounts: true, goog:chromeOptions: {debuggerAddress: localhost:53282}, networkConnectionEnabled: false, pageLoadStrategy: normal, platformName: windows, proxy: Proxy(), se:cdp: ws://localhost:53282/devtoo..., se:cdpVersion: 131.0.6778.205, setWindowRect: true, strictFileInteractability: false, timeouts: {implicit: 0, pageLoad: 300000, script: 30000}, unhandledPromptBehavior: dismiss and notify, webauthn:extension:credBlob: true, webauthn:extension:largeBlob: true, webauthn:extension:minPinLength: true, webauthn:extension:prf: true, webauthn:virtualAuthenticators: true}
Session ID: 24a5b589d8f7a24e17cce8fef7d9b95a
2025-01-04 17:07:04,633 [main] [INFO ] rootLogger:40:LoginPageObjects.java - Entered Username: mngr26593
2025-01-04 17:07:04,716 [main] [INFO ] rootLogger:57:LoginPageObjects.java - Entered Username: 123Abc@
2025-01-04 17:07:05,604 [main] [INFO ] rootLogger:71:LoginPageObjects.java - Clicked on login 
2025-01-04 17:07:08,902 [main] [INFO ] rootLogger:40:LoginPageObjects.java - Entered Username: mngr26593
2025-01-04 17:07:08,958 [main] [INFO ] rootLogger:57:LoginPageObjects.java - Entered Username: Sateesh@123
2025-01-04 17:07:09,252 [main] [INFO ] rootLogger:71:LoginPageObjects.java - Clicked on login 
2025-01-04 17:07:12,149 [main] [INFO ] rootLogger:40:LoginPageObjects.java - Entered Username: Sateesh@gmail.com
2025-01-04 17:07:12,215 [main] [INFO ] rootLogger:57:LoginPageObjects.java - Entered Username: 123Abc@
2025-01-04 17:07:12,501 [main] [INFO ] rootLogger:71:LoginPageObjects.java - Clicked on login 
2025-01-04 17:07:15,891 [main] [INFO ] rootLogger:71:LoginPageObjects.java - Clicked on login 
2025-01-04 17:07:19,339 [main] [INFO ] rootLogger:40:LoginPageObjects.java - Entered Username: satesssh
2025-01-04 17:07:19,410 [main] [INFO ] rootLogger:57:LoginPageObjects.java - Entered Username: Sateesh@123
2025-01-04 17:07:19,760 [main] [INFO ] rootLogger:71:LoginPageObjects.java - Clicked on login 
2025-01-04 17:07:23,569 [main] [INFO ] rootLogger:40:LoginPageObjects.java - Entered Username: mngr26593
2025-01-04 17:07:23,638 [main] [INFO ] rootLogger:57:LoginPageObjects.java - Entered Username: 123Abc@
2025-01-04 17:07:24,374 [main] [INFO ] rootLogger:85:LoginPageObjects.java - Hit enter 
2025-01-04 17:57:44,280 [main] [INFO ] rootLogger:40:LoginPageObjects.java - Entered Username: mngr26593
2025-01-04 17:57:44,357 [main] [INFO ] rootLogger:57:LoginPageObjects.java - Entered Username: 123Abc@
2025-01-04 17:57:44,379 [main] [ERROR] rootLogger:74:LoginPageObjects.java - no such element: Unable to locate element: {"method":"xpath","selector":"//input[@name='btnLogin123']"}
  (Session info: chrome=131.0.6778.205)
For documentation on this error, please visit: https://www.selenium.dev/documentation/webdriver/troubleshooting/errors#no-such-element-exception
Build info: version: '4.20.0', revision: '866c76ca80'
System info: os.name: 'Windows 11', os.arch: 'amd64', os.version: '10.0', java.version: '11.0.20'
Driver info: org.openqa.selenium.chrome.ChromeDriver
Command: [9d5b3a77e97cd94829316047ec7ad352, findElement {using=xpath, value=//input[@name='btnLogin123']}]
Capabilities {acceptInsecureCerts: false, browserName: chrome, browserVersion: 131.0.6778.205, chrome: {chromedriverVersion: 131.0.6778.204 (52183f9e99a..., userDataDir: C:\Users\Satee\AppData\Loca...}, fedcm:accounts: true, goog:chromeOptions: {debuggerAddress: localhost:55994}, networkConnectionEnabled: false, pageLoadStrategy: normal, platformName: windows, proxy: Proxy(), se:cdp: ws://localhost:55994/devtoo..., se:cdpVersion: 131.0.6778.205, setWindowRect: true, strictFileInteractability: false, timeouts: {implicit: 0, pageLoad: 300000, script: 30000}, unhandledPromptBehavior: dismiss and notify, webauthn:extension:credBlob: true, webauthn:extension:largeBlob: true, webauthn:extension:minPinLength: true, webauthn:extension:prf: true, webauthn:virtualAuthenticators: true}
Session ID: 9d5b3a77e97cd94829316047ec7ad352
2025-01-04 17:57:47,485 [main] [INFO ] rootLogger:40:LoginPageObjects.java - Entered Username: mngr26593
2025-01-04 17:57:47,542 [main] [INFO ] rootLogger:57:LoginPageObjects.java - Entered Username: 123Abc@
2025-01-04 17:57:48,259 [main] [INFO ] rootLogger:85:LoginPageObjects.java - Hit enter 
2025-01-04 18:00:56,796 [main] [INFO ] rootLogger:40:LoginPageObjects.java - Entered Username: mngr26593
2025-01-04 18:00:56,867 [main] [INFO ] rootLogger:57:LoginPageObjects.java - Entered Username: 123Abc@
2025-01-04 18:00:56,894 [main] [ERROR] rootLogger:74:LoginPageObjects.java - no such element: Unable to locate element: {"method":"xpath","selector":"//input[@name='btnLogin123']"}
  (Session info: chrome=131.0.6778.205)
For documentation on this error, please visit: https://www.selenium.dev/documentation/webdriver/troubleshooting/errors#no-such-element-exception
Build info: version: '4.20.0', revision: '866c76ca80'
System info: os.name: 'Windows 11', os.arch: 'amd64', os.version: '10.0', java.version: '11.0.20'
Driver info: org.openqa.selenium.chrome.ChromeDriver
Command: [2cb0f376b3bb6f5ed10899d57342269e, findElement {value=//input[@name='btnLogin123'], using=xpath}]
Capabilities {acceptInsecureCerts: false, browserName: chrome, browserVersion: 131.0.6778.205, chrome: {chromedriverVersion: 131.0.6778.204 (52183f9e99a..., userDataDir: C:\Users\Satee\AppData\Loca...}, fedcm:accounts: true, goog:chromeOptions: {debuggerAddress: localhost:56155}, networkConnectionEnabled: false, pageLoadStrategy: normal, platformName: windows, proxy: Proxy(), se:cdp: ws://localhost:56155/devtoo..., se:cdpVersion: 131.0.6778.205, setWindowRect: true, strictFileInteractability: false, timeouts: {implicit: 0, pageLoad: 300000, script: 30000}, unhandledPromptBehavior: dismiss and notify, webauthn:extension:credBlob: true, webauthn:extension:largeBlob: true, webauthn:extension:minPinLength: true, webauthn:extension:prf: true, webauthn:virtualAuthenticators: true}
Session ID: 2cb0f376b3bb6f5ed10899d57342269e
2025-01-04 18:01:01,030 [main] [INFO ] rootLogger:40:LoginPageObjects.java - Entered Username: mngr26593
2025-01-04 18:01:01,104 [main] [INFO ] rootLogger:57:LoginPageObjects.java - Entered Username: 123Abc@
2025-01-04 18:01:01,845 [main] [INFO ] rootLogger:85:LoginPageObjects.java - Hit enter 
2025-01-04 18:06:19,580 [TestNG-tests-1] [INFO ] rootLogger:40:LoginPageObjects.java - Entered Username: mngr26593
2025-01-04 18:06:19,670 [TestNG-tests-1] [INFO ] rootLogger:57:LoginPageObjects.java - Entered Username: 123Abc@
2025-01-04 18:06:19,701 [TestNG-tests-1] [ERROR] rootLogger:74:LoginPageObjects.java - no such element: Unable to locate element: {"method":"xpath","selector":"//input[@name='btnLogin123']"}
  (Session info: chrome=131.0.6778.205)
For documentation on this error, please visit: https://www.selenium.dev/documentation/webdriver/troubleshooting/errors#no-such-element-exception
Build info: version: '4.20.0', revision: '866c76ca80'
System info: os.name: 'Windows 11', os.arch: 'amd64', os.version: '10.0', java.version: '11.0.20'
Driver info: org.openqa.selenium.chrome.ChromeDriver
Command: [36f013baba9e31b2a29dd11b550583e4, findElement {using=xpath, value=//input[@name='btnLogin123']}]
Capabilities {acceptInsecureCerts: false, browserName: chrome, browserVersion: 131.0.6778.205, chrome: {chromedriverVersion: 131.0.6778.204 (52183f9e99a..., userDataDir: C:\Users\Satee\AppData\Loca...}, fedcm:accounts: true, goog:chromeOptions: {debuggerAddress: localhost:56474}, networkConnectionEnabled: false, pageLoadStrategy: normal, platformName: windows, proxy: Proxy(), se:cdp: ws://localhost:56474/devtoo..., se:cdpVersion: 131.0.6778.205, setWindowRect: true, strictFileInteractability: false, timeouts: {implicit: 0, pageLoad: 300000, script: 30000}, unhandledPromptBehavior: dismiss and notify, webauthn:extension:credBlob: true, webauthn:extension:largeBlob: true, webauthn:extension:minPinLength: true, webauthn:extension:prf: true, webauthn:virtualAuthenticators: true}
Session ID: 36f013baba9e31b2a29dd11b550583e4
2025-01-04 18:06:22,889 [TestNG-tests-1] [INFO ] rootLogger:40:LoginPageObjects.java - Entered Username: mngr26593
2025-01-04 18:06:22,955 [TestNG-tests-1] [INFO ] rootLogger:57:LoginPageObjects.java - Entered Username: 123Abc@
2025-01-04 18:06:23,678 [TestNG-tests-1] [INFO ] rootLogger:85:LoginPageObjects.java - Hit enter 
2025-01-04 18:06:53,758 [TestNG-tests-1] [INFO ] rootLogger:40:LoginPageObjects.java - Entered Username: mngr26593
2025-01-04 18:06:53,833 [TestNG-tests-1] [INFO ] rootLogger:57:LoginPageObjects.java - Entered Username: 123Abc@
2025-01-04 18:06:53,855 [TestNG-tests-1] [ERROR] rootLogger:74:LoginPageObjects.java - no such element: Unable to locate element: {"method":"xpath","selector":"//input[@name='btnLogin123']"}
  (Session info: chrome=131.0.6778.205)
For documentation on this error, please visit: https://www.selenium.dev/documentation/webdriver/troubleshooting/errors#no-such-element-exception
Build info: version: '4.20.0', revision: '866c76ca80'
System info: os.name: 'Windows 11', os.arch: 'amd64', os.version: '10.0', java.version: '11.0.20'
Driver info: org.openqa.selenium.chrome.ChromeDriver
Command: [407e05355bf41705794855bf731c3f58, findElement {using=xpath, value=//input[@name='btnLogin123']}]
Capabilities {acceptInsecureCerts: false, browserName: chrome, browserVersion: 131.0.6778.205, chrome: {chromedriverVersion: 131.0.6778.204 (52183f9e99a..., userDataDir: C:\Users\Satee\AppData\Loca...}, fedcm:accounts: true, goog:chromeOptions: {debuggerAddress: localhost:56552}, networkConnectionEnabled: false, pageLoadStrategy: normal, platformName: windows, proxy: Proxy(), se:cdp: ws://localhost:56552/devtoo..., se:cdpVersion: 131.0.6778.205, setWindowRect: true, strictFileInteractability: false, timeouts: {implicit: 0, pageLoad: 300000, script: 30000}, unhandledPromptBehavior: dismiss and notify, webauthn:extension:credBlob: true, webauthn:extension:largeBlob: true, webauthn:extension:minPinLength: true, webauthn:extension:prf: true, webauthn:virtualAuthenticators: true}
Session ID: 407e05355bf41705794855bf731c3f58
2025-01-04 18:06:57,386 [TestNG-tests-1] [INFO ] rootLogger:40:LoginPageObjects.java - Entered Username: mngr26593
2025-01-04 18:06:57,438 [TestNG-tests-1] [INFO ] rootLogger:57:LoginPageObjects.java - Entered Username: 123Abc@
2025-01-04 18:06:58,165 [TestNG-tests-1] [INFO ] rootLogger:85:LoginPageObjects.java - Hit enter 
2025-01-04 18:09:54,386 [TestNG-test=Test-2] [INFO ] rootLogger:40:LoginPageObjects.java - Entered Username: mngr26593
2025-01-04 18:09:54,406 [TestNG-test=Test-1] [INFO ] rootLogger:40:LoginPageObjects.java - Entered Username: mngr26593
2025-01-04 18:09:54,470 [TestNG-test=Test-2] [INFO ] rootLogger:57:LoginPageObjects.java - Entered Username: 123Abc@
2025-01-04 18:09:54,499 [TestNG-test=Test-1] [INFO ] rootLogger:57:LoginPageObjects.java - Entered Username: 123Abc@
2025-01-04 18:09:54,530 [TestNG-test=Test-1] [ERROR] rootLogger:74:LoginPageObjects.java - no such element: Unable to locate element: {"method":"xpath","selector":"//input[@name='btnLogin123']"}
  (Session info: chrome=131.0.6778.205)
For documentation on this error, please visit: https://www.selenium.dev/documentation/webdriver/troubleshooting/errors#no-such-element-exception
Build info: version: '4.20.0', revision: '866c76ca80'
System info: os.name: 'Windows 11', os.arch: 'amd64', os.version: '10.0', java.version: '11.0.20'
Driver info: org.openqa.selenium.chrome.ChromeDriver
Command: [a290bd71fa00efb536fcba1f86fcd2b5, findElement {value=//input[@name='btnLogin123'], using=xpath}]
Capabilities {acceptInsecureCerts: false, browserName: chrome, browserVersion: 131.0.6778.205, chrome: {chromedriverVersion: 131.0.6778.204 (52183f9e99a..., userDataDir: C:\Users\Satee\AppData\Loca...}, fedcm:accounts: true, goog:chromeOptions: {debuggerAddress: localhost:56714}, networkConnectionEnabled: false, pageLoadStrategy: normal, platformName: windows, proxy: Proxy(), se:cdp: ws://localhost:56714/devtoo..., se:cdpVersion: 131.0.6778.205, setWindowRect: true, strictFileInteractability: false, timeouts: {implicit: 0, pageLoad: 300000, script: 30000}, unhandledPromptBehavior: dismiss and notify, webauthn:extension:credBlob: true, webauthn:extension:largeBlob: true, webauthn:extension:minPinLength: true, webauthn:extension:prf: true, webauthn:virtualAuthenticators: true}
Session ID: a290bd71fa00efb536fcba1f86fcd2b5
2025-01-04 18:09:54,761 [TestNG-test=Test-2] [INFO ] rootLogger:85:LoginPageObjects.java - Hit enter 
2025-01-04 18:10:45,049 [TestNG-test=Test-1] [INFO ] rootLogger:40:LoginPageObjects.java - Entered Username: mngr26593
2025-01-04 18:10:45,073 [TestNG-test=Test-2] [INFO ] rootLogger:40:LoginPageObjects.java - Entered Username: mngr26593
2025-01-04 18:10:45,147 [TestNG-test=Test-1] [INFO ] rootLogger:57:LoginPageObjects.java - Entered Username: 123Abc@
2025-01-04 18:10:45,179 [TestNG-test=Test-2] [INFO ] rootLogger:57:LoginPageObjects.java - Entered Username: 123Abc@
2025-01-04 18:10:45,206 [TestNG-test=Test-1] [ERROR] rootLogger:74:LoginPageObjects.java - no such element: Unable to locate element: {"method":"xpath","selector":"//input[@name='btnLogin123']"}
  (Session info: chrome=131.0.6778.205)
For documentation on this error, please visit: https://www.selenium.dev/documentation/webdriver/troubleshooting/errors#no-such-element-exception
Build info: version: '4.20.0', revision: '866c76ca80'
System info: os.name: 'Windows 11', os.arch: 'amd64', os.version: '10.0', java.version: '11.0.20'
Driver info: org.openqa.selenium.chrome.ChromeDriver
Command: [1bd4d78ed907953a7ec9b9fd579f9621, findElement {value=//input[@name='btnLogin123'], using=xpath}]
Capabilities {acceptInsecureCerts: false, browserName: chrome, browserVersion: 131.0.6778.205, chrome: {chromedriverVersion: 131.0.6778.204 (52183f9e99a..., userDataDir: C:\Users\Satee\AppData\Loca...}, fedcm:accounts: true, goog:chromeOptions: {debuggerAddress: localhost:56788}, networkConnectionEnabled: false, pageLoadStrategy: normal, platformName: windows, proxy: Proxy(), se:cdp: ws://localhost:56788/devtoo..., se:cdpVersion: 131.0.6778.205, setWindowRect: true, strictFileInteractability: false, timeouts: {implicit: 0, pageLoad: 300000, script: 30000}, unhandledPromptBehavior: dismiss and notify, webauthn:extension:credBlob: true, webauthn:extension:largeBlob: true, webauthn:extension:minPinLength: true, webauthn:extension:prf: true, webauthn:virtualAuthenticators: true}
Session ID: 1bd4d78ed907953a7ec9b9fd579f9621
2025-01-04 18:10:45,447 [TestNG-test=Test-2] [INFO ] rootLogger:85:LoginPageObjects.java - Hit enter 
2025-01-04 18:14:10,932 [TestNG-test=Test-1] [INFO ] rootLogger:40:LoginPageObjects.java - Entered Username: mngr26593
2025-01-04 18:14:11,118 [TestNG-test=Test-2] [INFO ] rootLogger:40:LoginPageObjects.java - Entered Username: mngr26593
2025-01-04 18:14:11,267 [TestNG-test=Test-1] [INFO ] rootLogger:57:LoginPageObjects.java - Entered Username: 123Abc@
2025-01-04 18:14:11,314 [TestNG-test=Test-2] [INFO ] rootLogger:57:LoginPageObjects.java - Entered Username: 123Abc@
2025-01-04 18:14:11,339 [TestNG-test=Test-1] [ERROR] rootLogger:74:LoginPageObjects.java - no such element: Unable to locate element: {"method":"xpath","selector":"//input[@name='btnLogin123']"}
  (Session info: chrome=131.0.6778.205)
For documentation on this error, please visit: https://www.selenium.dev/documentation/webdriver/troubleshooting/errors#no-such-element-exception
Build info: version: '4.20.0', revision: '866c76ca80'
System info: os.name: 'Windows 11', os.arch: 'amd64', os.version: '10.0', java.version: '11.0.20'
Driver info: org.openqa.selenium.chrome.ChromeDriver
Command: [3d25a5b90fd94d85d2e67e766f232a22, findElement {value=//input[@name='btnLogin123'], using=xpath}]
Capabilities {acceptInsecureCerts: false, browserName: chrome, browserVersion: 131.0.6778.205, chrome: {chromedriverVersion: 131.0.6778.204 (52183f9e99a..., userDataDir: C:\Users\Satee\AppData\Loca...}, fedcm:accounts: true, goog:chromeOptions: {debuggerAddress: localhost:56951}, networkConnectionEnabled: false, pageLoadStrategy: normal, platformName: windows, proxy: Proxy(), se:cdp: ws://localhost:56951/devtoo..., se:cdpVersion: 131.0.6778.205, setWindowRect: true, strictFileInteractability: false, timeouts: {implicit: 0, pageLoad: 300000, script: 30000}, unhandledPromptBehavior: dismiss and notify, webauthn:extension:credBlob: true, webauthn:extension:largeBlob: true, webauthn:extension:minPinLength: true, webauthn:extension:prf: true, webauthn:virtualAuthenticators: true}
Session ID: 3d25a5b90fd94d85d2e67e766f232a22
2025-01-04 18:14:12,104 [TestNG-test=Test-2] [INFO ] rootLogger:85:LoginPageObjects.java - Hit enter 
2025-01-04 18:16:17,780 [TestNG-test=Test-1] [INFO ] rootLogger:40:LoginPageObjects.java - Entered Username: mngr26593
2025-01-04 18:16:17,860 [TestNG-test=Test-1] [INFO ] rootLogger:57:LoginPageObjects.java - Entered Username: 123Abc@
2025-01-04 18:16:17,891 [TestNG-test=Test-1] [ERROR] rootLogger:74:LoginPageObjects.java - no such element: Unable to locate element: {"method":"xpath","selector":"//input[@name='btnLogin123']"}
  (Session info: chrome=131.0.6778.205)
For documentation on this error, please visit: https://www.selenium.dev/documentation/webdriver/troubleshooting/errors#no-such-element-exception
Build info: version: '4.20.0', revision: '866c76ca80'
System info: os.name: 'Windows 11', os.arch: 'amd64', os.version: '10.0', java.version: '11.0.20'
Driver info: org.openqa.selenium.chrome.ChromeDriver
Command: [b3798fecc0be457e20f665fb2d51a1dc, findElement {using=xpath, value=//input[@name='btnLogin123']}]
Capabilities {acceptInsecureCerts: false, browserName: chrome, browserVersion: 131.0.6778.205, chrome: {chromedriverVersion: 131.0.6778.204 (52183f9e99a..., userDataDir: C:\Users\Satee\AppData\Loca...}, fedcm:accounts: true, goog:chromeOptions: {debuggerAddress: localhost:57278}, networkConnectionEnabled: false, pageLoadStrategy: normal, platformName: windows, proxy: Proxy(), se:cdp: ws://localhost:57278/devtoo..., se:cdpVersion: 131.0.6778.205, setWindowRect: true, strictFileInteractability: false, timeouts: {implicit: 0, pageLoad: 300000, script: 30000}, unhandledPromptBehavior: dismiss and notify, webauthn:extension:credBlob: true, webauthn:extension:largeBlob: true, webauthn:extension:minPinLength: true, webauthn:extension:prf: true, webauthn:virtualAuthenticators: true}
Session ID: b3798fecc0be457e20f665fb2d51a1dc
2025-01-04 18:16:18,173 [TestNG-test=Test-2] [INFO ] rootLogger:40:LoginPageObjects.java - Entered Username: mngr26593
2025-01-04 18:16:18,261 [TestNG-test=Test-2] [INFO ] rootLogger:57:LoginPageObjects.java - Entered Username: 123Abc@
2025-01-04 18:16:18,976 [TestNG-test=Test-2] [INFO ] rootLogger:85:LoginPageObjects.java - Hit enter 
2025-01-04 18:17:11,436 [TestNG-test=Test-1] [INFO ] rootLogger:40:LoginPageObjects.java - Entered Username: mngr26593
2025-01-04 18:17:11,531 [TestNG-test=Test-1] [INFO ] rootLogger:57:LoginPageObjects.java - Entered Username: 123Abc@
2025-01-04 18:17:11,560 [TestNG-test=Test-1] [ERROR] rootLogger:74:LoginPageObjects.java - no such element: Unable to locate element: {"method":"xpath","selector":"//input[@name='btnLogin123']"}
  (Session info: chrome=131.0.6778.205)
For documentation on this error, please visit: https://www.selenium.dev/documentation/webdriver/troubleshooting/errors#no-such-element-exception
Build info: version: '4.20.0', revision: '866c76ca80'
System info: os.name: 'Windows 11', os.arch: 'amd64', os.version: '10.0', java.version: '11.0.20'
Driver info: org.openqa.selenium.chrome.ChromeDriver
Command: [a8838b67ef24aacd694337ffd5957bf4, findElement {using=xpath, value=//input[@name='btnLogin123']}]
Capabilities {acceptInsecureCerts: false, browserName: chrome, browserVersion: 131.0.6778.205, chrome: {chromedriverVersion: 131.0.6778.204 (52183f9e99a..., userDataDir: C:\Users\Satee\AppData\Loca...}, fedcm:accounts: true, goog:chromeOptions: {debuggerAddress: localhost:57369}, networkConnectionEnabled: false, pageLoadStrategy: normal, platformName: windows, proxy: Proxy(), se:cdp: ws://localhost:57369/devtoo..., se:cdpVersion: 131.0.6778.205, setWindowRect: true, strictFileInteractability: false, timeouts: {implicit: 0, pageLoad: 300000, script: 30000}, unhandledPromptBehavior: dismiss and notify, webauthn:extension:credBlob: true, webauthn:extension:largeBlob: true, webauthn:extension:minPinLength: true, webauthn:extension:prf: true, webauthn:virtualAuthenticators: true}
Session ID: a8838b67ef24aacd694337ffd5957bf4
2025-01-04 18:17:11,628 [TestNG-test=Test-2] [INFO ] rootLogger:40:LoginPageObjects.java - Entered Username: mngr26593
2025-01-04 18:17:11,722 [TestNG-test=Test-2] [INFO ] rootLogger:57:LoginPageObjects.java - Entered Username: 123Abc@
2025-01-04 18:17:12,531 [TestNG-test=Test-2] [INFO ] rootLogger:85:LoginPageObjects.java - Hit enter 
2025-01-04 18:17:25,254 [TestNG-test=Test-1] [INFO ] rootLogger:40:LoginPageObjects.java - Entered Username: mngr26593
2025-01-04 18:17:25,330 [TestNG-test=Test-1] [INFO ] rootLogger:57:LoginPageObjects.java - Entered Username: 123Abc@
2025-01-04 18:17:25,357 [TestNG-test=Test-1] [ERROR] rootLogger:74:LoginPageObjects.java - no such element: Unable to locate element: {"method":"xpath","selector":"//input[@name='btnLogin123']"}
  (Session info: chrome=131.0.6778.205)
For documentation on this error, please visit: https://www.selenium.dev/documentation/webdriver/troubleshooting/errors#no-such-element-exception
Build info: version: '4.20.0', revision: '866c76ca80'
System info: os.name: 'Windows 11', os.arch: 'amd64', os.version: '10.0', java.version: '11.0.20'
Driver info: org.openqa.selenium.chrome.ChromeDriver
Command: [26930a079b3f4c7ab30a9a707a7f96f1, findElement {using=xpath, value=//input[@name='btnLogin123']}]
Capabilities {acceptInsecureCerts: false, browserName: chrome, browserVersion: 131.0.6778.205, chrome: {chromedriverVersion: 131.0.6778.204 (52183f9e99a..., userDataDir: C:\Users\Satee\AppData\Loca...}, fedcm:accounts: true, goog:chromeOptions: {debuggerAddress: localhost:57438}, networkConnectionEnabled: false, pageLoadStrategy: normal, platformName: windows, proxy: Proxy(), se:cdp: ws://localhost:57438/devtoo..., se:cdpVersion: 131.0.6778.205, setWindowRect: true, strictFileInteractability: false, timeouts: {implicit: 0, pageLoad: 300000, script: 30000}, unhandledPromptBehavior: dismiss and notify, webauthn:extension:credBlob: true, webauthn:extension:largeBlob: true, webauthn:extension:minPinLength: true, webauthn:extension:prf: true, webauthn:virtualAuthenticators: true}
Session ID: 26930a079b3f4c7ab30a9a707a7f96f1
2025-01-04 18:17:25,646 [TestNG-test=Test-2] [INFO ] rootLogger:40:LoginPageObjects.java - Entered Username: mngr26593
2025-01-04 18:17:25,746 [TestNG-test=Test-2] [INFO ] rootLogger:57:LoginPageObjects.java - Entered Username: 123Abc@
2025-01-04 18:17:26,478 [TestNG-test=Test-2] [INFO ] rootLogger:85:LoginPageObjects.java - Hit enter 
2025-01-04 18:20:32,177 [TestNG-test=Test-2] [INFO ] rootLogger:40:LoginPageObjects.java - Entered Username: mngr26593
2025-01-04 18:20:32,209 [TestNG-test=Test-1] [INFO ] rootLogger:40:LoginPageObjects.java - Entered Username: mngr26593
2025-01-04 18:20:32,268 [TestNG-test=Test-2] [INFO ] rootLogger:57:LoginPageObjects.java - Entered Username: 123Abc@
2025-01-04 18:20:32,294 [TestNG-test=Test-1] [INFO ] rootLogger:57:LoginPageObjects.java - Entered Username: 123Abc@
2025-01-04 18:20:32,566 [TestNG-test=Test-2] [INFO ] rootLogger:85:LoginPageObjects.java - Hit enter 
2025-01-04 18:23:32,287 [TestNG-test=Test-2] [INFO ] rootLogger:40:LoginPageObjects.java - Entered Username: mngr26593
2025-01-04 18:23:32,297 [TestNG-test=Test-1] [INFO ] rootLogger:40:LoginPageObjects.java - Entered Username: mngr26593
2025-01-04 18:23:32,387 [TestNG-test=Test-1] [INFO ] rootLogger:57:LoginPageObjects.java - Entered Username: 123Abc@
2025-01-04 18:23:32,403 [TestNG-test=Test-2] [INFO ] rootLogger:57:LoginPageObjects.java - Entered Username: 123Abc@
2025-01-04 18:23:32,422 [TestNG-test=Test-1] [ERROR] rootLogger:74:LoginPageObjects.java - no such element: Unable to locate element: {"method":"xpath","selector":"//input[@name='btnLogin123']"}
  (Session info: chrome=131.0.6778.205)
For documentation on this error, please visit: https://www.selenium.dev/documentation/webdriver/troubleshooting/errors#no-such-element-exception
Build info: version: '4.20.0', revision: '866c76ca80'
System info: os.name: 'Windows 11', os.arch: 'amd64', os.version: '10.0', java.version: '11.0.20'
Driver info: org.openqa.selenium.chrome.ChromeDriver
Command: [47f04c997a006f898d6fc13675189859, findElement {using=xpath, value=//input[@name='btnLogin123']}]
Capabilities {acceptInsecureCerts: false, browserName: chrome, browserVersion: 131.0.6778.205, chrome: {chromedriverVersion: 131.0.6778.204 (52183f9e99a..., userDataDir: C:\Users\Satee\AppData\Loca...}, fedcm:accounts: true, goog:chromeOptions: {debuggerAddress: localhost:57961}, networkConnectionEnabled: false, pageLoadStrategy: normal, platformName: windows, proxy: Proxy(), se:cdp: ws://localhost:57961/devtoo..., se:cdpVersion: 131.0.6778.205, setWindowRect: true, strictFileInteractability: false, timeouts: {implicit: 0, pageLoad: 300000, script: 30000}, unhandledPromptBehavior: dismiss and notify, webauthn:extension:credBlob: true, webauthn:extension:largeBlob: true, webauthn:extension:minPinLength: true, webauthn:extension:prf: true, webauthn:virtualAuthenticators: true}
Session ID: 47f04c997a006f898d6fc13675189859
2025-01-04 18:23:33,177 [TestNG-test=Test-2] [INFO ] rootLogger:85:LoginPageObjects.java - Hit enter 
2025-01-04 18:25:13,201 [TestNG-test=Test-4] [ERROR] rootLogger:74:LoginPageObjects.java - no such element: Unable to locate element: {"method":"xpath","selector":"//input[@name='btnLogin123']"}
  (Session info: chrome=131.0.6778.205)
For documentation on this error, please visit: https://www.selenium.dev/documentation/webdriver/troubleshooting/errors#no-such-element-exception
Build info: version: '4.20.0', revision: '866c76ca80'
System info: os.name: 'Windows 11', os.arch: 'amd64', os.version: '10.0', java.version: '11.0.20'
Driver info: org.openqa.selenium.chrome.ChromeDriver
Command: [5a7376daedb138e1e54173234921d253, findElement {using=xpath, value=//input[@name='btnLogin123']}]
Capabilities {acceptInsecureCerts: false, browserName: chrome, browserVersion: 131.0.6778.205, chrome: {chromedriverVersion: 131.0.6778.204 (52183f9e99a..., userDataDir: C:\Users\Satee\AppData\Loca...}, fedcm:accounts: true, goog:chromeOptions: {debuggerAddress: localhost:58074}, networkConnectionEnabled: false, pageLoadStrategy: normal, platformName: windows, proxy: Proxy(), se:cdp: ws://localhost:58074/devtoo..., se:cdpVersion: 131.0.6778.205, setWindowRect: true, strictFileInteractability: false, timeouts: {implicit: 0, pageLoad: 300000, script: 30000}, unhandledPromptBehavior: dismiss and notify, webauthn:extension:credBlob: true, webauthn:extension:largeBlob: true, webauthn:extension:minPinLength: true, webauthn:extension:prf: true, webauthn:virtualAuthenticators: true}
Session ID: 5a7376daedb138e1e54173234921d253
2025-01-04 18:25:15,164 [TestNG-test=Test-1] [INFO ] rootLogger:40:LoginPageObjects.java - Entered Username: mngr26593
2025-01-04 18:25:15,370 [TestNG-test=Test-3] [INFO ] rootLogger:40:LoginPageObjects.java - Entered Username: Sateesh@gmail.com
2025-01-04 18:25:15,444 [TestNG-test=Test-1] [INFO ] rootLogger:57:LoginPageObjects.java - Entered Username: 123Abc@
2025-01-04 18:25:15,453 [TestNG-test=Test-5] [INFO ] rootLogger:40:LoginPageObjects.java - Entered Username: satesssh
2025-01-04 18:25:15,488 [TestNG-test=Test-1] [ERROR] rootLogger:74:LoginPageObjects.java - no such element: Unable to locate element: {"method":"xpath","selector":"//input[@name='btnLogin123']"}
  (Session info: chrome=131.0.6778.205)
For documentation on this error, please visit: https://www.selenium.dev/documentation/webdriver/troubleshooting/errors#no-such-element-exception
Build info: version: '4.20.0', revision: '866c76ca80'
System info: os.name: 'Windows 11', os.arch: 'amd64', os.version: '10.0', java.version: '11.0.20'
Driver info: org.openqa.selenium.chrome.ChromeDriver
Command: [96e8c353c67587d570152d424cfbc2c0, findElement {using=xpath, value=//input[@name='btnLogin123']}]
Capabilities {acceptInsecureCerts: false, browserName: chrome, browserVersion: 131.0.6778.205, chrome: {chromedriverVersion: 131.0.6778.204 (52183f9e99a..., userDataDir: C:\Users\Satee\AppData\Loca...}, fedcm:accounts: true, goog:chromeOptions: {debuggerAddress: localhost:58118}, networkConnectionEnabled: false, pageLoadStrategy: normal, platformName: windows, proxy: Proxy(), se:cdp: ws://localhost:58118/devtoo..., se:cdpVersion: 131.0.6778.205, setWindowRect: true, strictFileInteractability: false, timeouts: {implicit: 0, pageLoad: 300000, script: 30000}, unhandledPromptBehavior: dismiss and notify, webauthn:extension:credBlob: true, webauthn:extension:largeBlob: true, webauthn:extension:minPinLength: true, webauthn:extension:prf: true, webauthn:virtualAuthenticators: true}
Session ID: 96e8c353c67587d570152d424cfbc2c0
2025-01-04 18:25:15,522 [TestNG-test=Test-2] [INFO ] rootLogger:40:LoginPageObjects.java - Entered Username: mngr26593
2025-01-04 18:25:15,593 [TestNG-test=Test-3] [INFO ] rootLogger:57:LoginPageObjects.java - Entered Username: 123Abc@
2025-01-04 18:25:15,614 [TestNG-test=Test-5] [INFO ] rootLogger:57:LoginPageObjects.java - Entered Username: Sateesh@123
2025-01-04 18:25:15,615 [TestNG-test=Test-3] [ERROR] rootLogger:74:LoginPageObjects.java - no such element: Unable to locate element: {"method":"xpath","selector":"//input[@name='btnLogin123']"}
  (Session info: chrome=131.0.6778.205)
For documentation on this error, please visit: https://www.selenium.dev/documentation/webdriver/troubleshooting/errors#no-such-element-exception
Build info: version: '4.20.0', revision: '866c76ca80'
System info: os.name: 'Windows 11', os.arch: 'amd64', os.version: '10.0', java.version: '11.0.20'
Driver info: org.openqa.selenium.chrome.ChromeDriver
Command: [d7bcc48e79b0f20285b83a6eb6a66456, findElement {using=xpath, value=//input[@name='btnLogin123']}]
Capabilities {acceptInsecureCerts: false, browserName: chrome, browserVersion: 131.0.6778.205, chrome: {chromedriverVersion: 131.0.6778.204 (52183f9e99a..., userDataDir: C:\Users\Satee\AppData\Loca...}, fedcm:accounts: true, goog:chromeOptions: {debuggerAddress: localhost:58115}, networkConnectionEnabled: false, pageLoadStrategy: normal, platformName: windows, proxy: Proxy(), se:cdp: ws://localhost:58115/devtoo..., se:cdpVersion: 131.0.6778.205, setWindowRect: true, strictFileInteractability: false, timeouts: {implicit: 0, pageLoad: 300000, script: 30000}, unhandledPromptBehavior: dismiss and notify, webauthn:extension:credBlob: true, webauthn:extension:largeBlob: true, webauthn:extension:minPinLength: true, webauthn:extension:prf: true, webauthn:virtualAuthenticators: true}
Session ID: d7bcc48e79b0f20285b83a6eb6a66456
2025-01-04 18:25:15,634 [TestNG-test=Test-5] [ERROR] rootLogger:74:LoginPageObjects.java - no such element: Unable to locate element: {"method":"xpath","selector":"//input[@name='btnLogin123']"}
  (Session info: chrome=131.0.6778.205)
For documentation on this error, please visit: https://www.selenium.dev/documentation/webdriver/troubleshooting/errors#no-such-element-exception
Build info: version: '4.20.0', revision: '866c76ca80'
System info: os.name: 'Windows 11', os.arch: 'amd64', os.version: '10.0', java.version: '11.0.20'
Driver info: org.openqa.selenium.chrome.ChromeDriver
Command: [07a0350ad070e91f84fb0e2a8a6aa937, findElement {using=xpath, value=//input[@name='btnLogin123']}]
Capabilities {acceptInsecureCerts: false, browserName: chrome, browserVersion: 131.0.6778.205, chrome: {chromedriverVersion: 131.0.6778.204 (52183f9e99a..., userDataDir: C:\Users\Satee\AppData\Loca...}, fedcm:accounts: true, goog:chromeOptions: {debuggerAddress: localhost:58114}, networkConnectionEnabled: false, pageLoadStrategy: normal, platformName: windows, proxy: Proxy(), se:cdp: ws://localhost:58114/devtoo..., se:cdpVersion: 131.0.6778.205, setWindowRect: true, strictFileInteractability: false, timeouts: {implicit: 0, pageLoad: 300000, script: 30000}, unhandledPromptBehavior: dismiss and notify, webauthn:extension:credBlob: true, webauthn:extension:largeBlob: true, webauthn:extension:minPinLength: true, webauthn:extension:prf: true, webauthn:virtualAuthenticators: true}
Session ID: 07a0350ad070e91f84fb0e2a8a6aa937
2025-01-04 18:25:16,170 [TestNG-test=Test-2] [INFO ] rootLogger:57:LoginPageObjects.java - Entered Username: Sateesh@123
2025-01-04 18:25:16,190 [TestNG-test=Test-2] [ERROR] rootLogger:74:LoginPageObjects.java - no such element: Unable to locate element: {"method":"xpath","selector":"//input[@name='btnLogin123']"}
  (Session info: chrome=131.0.6778.205)
For documentation on this error, please visit: https://www.selenium.dev/documentation/webdriver/troubleshooting/errors#no-such-element-exception
Build info: version: '4.20.0', revision: '866c76ca80'
System info: os.name: 'Windows 11', os.arch: 'amd64', os.version: '10.0', java.version: '11.0.20'
Driver info: org.openqa.selenium.chrome.ChromeDriver
Command: [8a389e66fa9b46da2a1145f70fec68d8, findElement {using=xpath, value=//input[@name='btnLogin123']}]
Capabilities {acceptInsecureCerts: false, browserName: chrome, browserVersion: 131.0.6778.205, chrome: {chromedriverVersion: 131.0.6778.204 (52183f9e99a..., userDataDir: C:\Users\Satee\AppData\Loca...}, fedcm:accounts: true, goog:chromeOptions: {debuggerAddress: localhost:58117}, networkConnectionEnabled: false, pageLoadStrategy: normal, platformName: windows, proxy: Proxy(), se:cdp: ws://localhost:58117/devtoo..., se:cdpVersion: 131.0.6778.205, setWindowRect: true, strictFileInteractability: false, timeouts: {implicit: 0, pageLoad: 300000, script: 30000}, unhandledPromptBehavior: dismiss and notify, webauthn:extension:credBlob: true, webauthn:extension:largeBlob: true, webauthn:extension:minPinLength: true, webauthn:extension:prf: true, webauthn:virtualAuthenticators: true}
Session ID: 8a389e66fa9b46da2a1145f70fec68d8
2025-01-04 18:25:19,303 [TestNG-test=Test-4] [INFO ] rootLogger:40:LoginPageObjects.java - Entered Username: mngr26593
2025-01-04 18:25:19,359 [TestNG-test=Test-4] [INFO ] rootLogger:57:LoginPageObjects.java - Entered Username: 123Abc@
2025-01-04 18:25:20,087 [TestNG-test=Test-4] [INFO ] rootLogger:85:LoginPageObjects.java - Hit enter 
2025-01-09 11:19:00,011 [main] [INFO ] rootLogger:40:LoginPageObjects.java - Entered Username: mngr26593
2025-01-09 11:19:00,106 [main] [INFO ] rootLogger:57:LoginPageObjects.java - Entered Username: 123Abc@
2025-01-09 11:19:10,188 [main] [ERROR] rootLogger:74:LoginPageObjects.java - no such element: Unable to locate element: {"method":"xpath","selector":"//input[@name='btnLogin123']"}
  (Session info: chrome=131.0.6778.205)
For documentation on this error, please visit: https://www.selenium.dev/documentation/webdriver/troubleshooting/errors#no-such-element-exception
Build info: version: '4.20.0', revision: '866c76ca80'
System info: os.name: 'Windows 11', os.arch: 'amd64', os.version: '10.0', java.version: '11.0.20'
Driver info: org.openqa.selenium.chrome.ChromeDriver
Command: [17fc03b0c2f1c8b6a6ef526a8be1b1c1, findElement {value=//input[@name='btnLogin123'], using=xpath}]
Capabilities {acceptInsecureCerts: false, browserName: chrome, browserVersion: 131.0.6778.205, chrome: {chromedriverVersion: 131.0.6778.264 (2d05e315153..., userDataDir: C:\Users\Satee\AppData\Loca...}, fedcm:accounts: true, goog:chromeOptions: {debuggerAddress: localhost:65008}, networkConnectionEnabled: false, pageLoadStrategy: normal, platformName: windows, proxy: Proxy(), se:cdp: ws://localhost:65008/devtoo..., se:cdpVersion: 131.0.6778.205, setWindowRect: true, strictFileInteractability: false, timeouts: {implicit: 0, pageLoad: 300000, script: 30000}, unhandledPromptBehavior: dismiss and notify, webauthn:extension:credBlob: true, webauthn:extension:largeBlob: true, webauthn:extension:minPinLength: true, webauthn:extension:prf: true, webauthn:virtualAuthenticators: true}
Session ID: 17fc03b0c2f1c8b6a6ef526a8be1b1c1
2025-01-09 11:19:13,806 [main] [INFO ] rootLogger:40:LoginPageObjects.java - Entered Username: mngr26593
2025-01-09 11:19:13,873 [main] [INFO ] rootLogger:57:LoginPageObjects.java - Entered Username: Sateesh@123
2025-01-09 11:19:23,905 [main] [ERROR] rootLogger:74:LoginPageObjects.java - no such element: Unable to locate element: {"method":"xpath","selector":"//input[@name='btnLogin123']"}
  (Session info: chrome=131.0.6778.205)
For documentation on this error, please visit: https://www.selenium.dev/documentation/webdriver/troubleshooting/errors#no-such-element-exception
Build info: version: '4.20.0', revision: '866c76ca80'
System info: os.name: 'Windows 11', os.arch: 'amd64', os.version: '10.0', java.version: '11.0.20'
Driver info: org.openqa.selenium.chrome.ChromeDriver
Command: [5eb398afb4982c66692a78233971ff27, findElement {value=//input[@name='btnLogin123'], using=xpath}]
Capabilities {acceptInsecureCerts: false, browserName: chrome, browserVersion: 131.0.6778.205, chrome: {chromedriverVersion: 131.0.6778.264 (2d05e315153..., userDataDir: C:\Users\Satee\AppData\Loca...}, fedcm:accounts: true, goog:chromeOptions: {debuggerAddress: localhost:65047}, networkConnectionEnabled: false, pageLoadStrategy: normal, platformName: windows, proxy: Proxy(), se:cdp: ws://localhost:65047/devtoo..., se:cdpVersion: 131.0.6778.205, setWindowRect: true, strictFileInteractability: false, timeouts: {implicit: 0, pageLoad: 300000, script: 30000}, unhandledPromptBehavior: dismiss and notify, webauthn:extension:credBlob: true, webauthn:extension:largeBlob: true, webauthn:extension:minPinLength: true, webauthn:extension:prf: true, webauthn:virtualAuthenticators: true}
Session ID: 5eb398afb4982c66692a78233971ff27
2025-01-09 11:19:27,584 [main] [INFO ] rootLogger:40:LoginPageObjects.java - Entered Username: Sateesh@gmail.com
2025-01-09 11:19:27,648 [main] [INFO ] rootLogger:57:LoginPageObjects.java - Entered Username: 123Abc@
2025-01-09 11:19:37,729 [main] [ERROR] rootLogger:74:LoginPageObjects.java - no such element: Unable to locate element: {"method":"xpath","selector":"//input[@name='btnLogin123']"}
  (Session info: chrome=131.0.6778.205)
For documentation on this error, please visit: https://www.selenium.dev/documentation/webdriver/troubleshooting/errors#no-such-element-exception
Build info: version: '4.20.0', revision: '866c76ca80'
System info: os.name: 'Windows 11', os.arch: 'amd64', os.version: '10.0', java.version: '11.0.20'
Driver info: org.openqa.selenium.chrome.ChromeDriver
Command: [189bbfd7da9c685aed6288f69d5e379c, findElement {value=//input[@name='btnLogin123'], using=xpath}]
Capabilities {acceptInsecureCerts: false, browserName: chrome, browserVersion: 131.0.6778.205, chrome: {chromedriverVersion: 131.0.6778.264 (2d05e315153..., userDataDir: C:\Users\Satee\AppData\Loca...}, fedcm:accounts: true, goog:chromeOptions: {debuggerAddress: localhost:65087}, networkConnectionEnabled: false, pageLoadStrategy: normal, platformName: windows, proxy: Proxy(), se:cdp: ws://localhost:65087/devtoo..., se:cdpVersion: 131.0.6778.205, setWindowRect: true, strictFileInteractability: false, timeouts: {implicit: 0, pageLoad: 300000, script: 30000}, unhandledPromptBehavior: dismiss and notify, webauthn:extension:credBlob: true, webauthn:extension:largeBlob: true, webauthn:extension:minPinLength: true, webauthn:extension:prf: true, webauthn:virtualAuthenticators: true}
Session ID: 189bbfd7da9c685aed6288f69d5e379c
2025-01-09 11:19:51,363 [main] [ERROR] rootLogger:74:LoginPageObjects.java - no such element: Unable to locate element: {"method":"xpath","selector":"//input[@name='btnLogin123']"}
  (Session info: chrome=131.0.6778.205)
For documentation on this error, please visit: https://www.selenium.dev/documentation/webdriver/troubleshooting/errors#no-such-element-exception
Build info: version: '4.20.0', revision: '866c76ca80'
System info: os.name: 'Windows 11', os.arch: 'amd64', os.version: '10.0', java.version: '11.0.20'
Driver info: org.openqa.selenium.chrome.ChromeDriver
Command: [77f0f9c80ed17ddafdcaad9825427fe9, findElement {value=//input[@name='btnLogin123'], using=xpath}]
Capabilities {acceptInsecureCerts: false, browserName: chrome, browserVersion: 131.0.6778.205, chrome: {chromedriverVersion: 131.0.6778.264 (2d05e315153..., userDataDir: C:\Users\Satee\AppData\Loca...}, fedcm:accounts: true, goog:chromeOptions: {debuggerAddress: localhost:65126}, networkConnectionEnabled: false, pageLoadStrategy: normal, platformName: windows, proxy: Proxy(), se:cdp: ws://localhost:65126/devtoo..., se:cdpVersion: 131.0.6778.205, setWindowRect: true, strictFileInteractability: false, timeouts: {implicit: 0, pageLoad: 300000, script: 30000}, unhandledPromptBehavior: dismiss and notify, webauthn:extension:credBlob: true, webauthn:extension:largeBlob: true, webauthn:extension:minPinLength: true, webauthn:extension:prf: true, webauthn:virtualAuthenticators: true}
Session ID: 77f0f9c80ed17ddafdcaad9825427fe9
2025-01-09 11:19:56,521 [main] [INFO ] rootLogger:40:LoginPageObjects.java - Entered Username: satesssh
2025-01-09 11:19:56,587 [main] [INFO ] rootLogger:57:LoginPageObjects.java - Entered Username: Sateesh@123
2025-01-09 11:20:06,634 [main] [ERROR] rootLogger:74:LoginPageObjects.java - no such element: Unable to locate element: {"method":"xpath","selector":"//input[@name='btnLogin123']"}
  (Session info: chrome=131.0.6778.205)
For documentation on this error, please visit: https://www.selenium.dev/documentation/webdriver/troubleshooting/errors#no-such-element-exception
Build info: version: '4.20.0', revision: '866c76ca80'
System info: os.name: 'Windows 11', os.arch: 'amd64', os.version: '10.0', java.version: '11.0.20'
Driver info: org.openqa.selenium.chrome.ChromeDriver
Command: [715be35a3369d1586b39f8b0f5e0aba7, findElement {value=//input[@name='btnLogin123'], using=xpath}]
Capabilities {acceptInsecureCerts: false, browserName: chrome, browserVersion: 131.0.6778.205, chrome: {chromedriverVersion: 131.0.6778.264 (2d05e315153..., userDataDir: C:\Users\Satee\AppData\Loca...}, fedcm:accounts: true, goog:chromeOptions: {debuggerAddress: localhost:65167}, networkConnectionEnabled: false, pageLoadStrategy: normal, platformName: windows, proxy: Proxy(), se:cdp: ws://localhost:65167/devtoo..., se:cdpVersion: 131.0.6778.205, setWindowRect: true, strictFileInteractability: false, timeouts: {implicit: 0, pageLoad: 300000, script: 30000}, unhandledPromptBehavior: dismiss and notify, webauthn:extension:credBlob: true, webauthn:extension:largeBlob: true, webauthn:extension:minPinLength: true, webauthn:extension:prf: true, webauthn:virtualAuthenticators: true}
Session ID: 715be35a3369d1586b39f8b0f5e0aba7
2025-01-09 11:20:11,880 [main] [INFO ] rootLogger:40:LoginPageObjects.java - Entered Username: mngr26593
2025-01-09 11:20:11,947 [main] [INFO ] rootLogger:57:LoginPageObjects.java - Entered Username: 123Abc@
2025-01-09 11:20:12,866 [main] [INFO ] rootLogger:85:LoginPageObjects.java - Hit enter 
2025-01-09 11:28:35,168 [main] [INFO ] rootLogger:40:LoginPageObjects.java - Entered Username: mngr26593
2025-01-09 11:28:35,264 [main] [INFO ] rootLogger:57:LoginPageObjects.java - Entered Username: 123Abc@
2025-01-09 11:28:36,098 [main] [INFO ] rootLogger:71:LoginPageObjects.java - Clicked on login 
2025-01-09 11:28:41,662 [main] [INFO ] rootLogger:40:LoginPageObjects.java - Entered Username: mngr26593
2025-01-09 11:28:41,733 [main] [INFO ] rootLogger:57:LoginPageObjects.java - Entered Username: Sateesh@123
2025-01-09 11:28:42,031 [main] [INFO ] rootLogger:71:LoginPageObjects.java - Clicked on login 
2025-01-09 11:28:46,709 [main] [INFO ] rootLogger:40:LoginPageObjects.java - Entered Username: Sateesh@gmail.com
2025-01-09 11:28:46,786 [main] [INFO ] rootLogger:57:LoginPageObjects.java - Entered Username: 123Abc@
2025-01-09 11:28:47,154 [main] [INFO ] rootLogger:71:LoginPageObjects.java - Clicked on login 
2025-01-09 11:28:52,224 [main] [INFO ] rootLogger:71:LoginPageObjects.java - Clicked on login 
2025-01-09 11:28:57,033 [main] [INFO ] rootLogger:40:LoginPageObjects.java - Entered Username: satesssh
2025-01-09 11:28:57,123 [main] [INFO ] rootLogger:57:LoginPageObjects.java - Entered Username: Sateesh@123
2025-01-09 11:28:57,433 [main] [INFO ] rootLogger:71:LoginPageObjects.java - Clicked on login 
2025-01-09 11:29:02,588 [main] [INFO ] rootLogger:40:LoginPageObjects.java - Entered Username: mngr26593
2025-01-09 11:29:02,678 [main] [INFO ] rootLogger:57:LoginPageObjects.java - Entered Username: 123Abc@
2025-01-09 11:29:03,595 [main] [INFO ] rootLogger:85:LoginPageObjects.java - Hit enter 
2025-01-09 11:29:45,299 [TestNG-test=Test-4] [INFO ] rootLogger:71:LoginPageObjects.java - Clicked on login 
2025-01-09 11:29:51,949 [TestNG-test=Test-3] [INFO ] rootLogger:40:LoginPageObjects.java - Entered Username: Sateesh@gmail.com
2025-01-09 11:29:52,046 [TestNG-test=Test-2] [INFO ] rootLogger:40:LoginPageObjects.java - Entered Username: mngr26593
2025-01-09 11:29:52,088 [TestNG-test=Test-5] [INFO ] rootLogger:40:LoginPageObjects.java - Entered Username: satesssh
2025-01-09 11:29:52,201 [TestNG-test=Test-3] [INFO ] rootLogger:57:LoginPageObjects.java - Entered Username: 123Abc@
2025-01-09 11:29:52,265 [TestNG-test=Test-2] [INFO ] rootLogger:57:LoginPageObjects.java - Entered Username: Sateesh@123
2025-01-09 11:29:52,316 [TestNG-test=Test-5] [INFO ] rootLogger:57:LoginPageObjects.java - Entered Username: Sateesh@123
2025-01-09 11:29:52,755 [TestNG-test=Test-3] [INFO ] rootLogger:71:LoginPageObjects.java - Clicked on login 
2025-01-09 11:29:52,853 [TestNG-test=Test-2] [ERROR] rootLogger:74:LoginPageObjects.java - unexpected alert open: {Alert text : User or Password is not valid}
  (Session info: MicrosoftEdge=131.0.2903.112): User or Password is not valid
Build info: version: '4.20.0', revision: '866c76ca80'
System info: os.name: 'Windows 11', os.arch: 'amd64', os.version: '10.0', java.version: '11.0.20'
Driver info: org.openqa.selenium.edge.EdgeDriver
Command: [4d215702bc29d6a564fb2081f4131b3e, clickElement {id=f.A7C0B87846888D0D8EEB15E3242F3DD7.d.010252D397B87BE1D9190926E16F5513.e.7}]
Capabilities {acceptInsecureCerts: false, browserName: MicrosoftEdge, browserVersion: 131.0.2903.112, fedcm:accounts: true, ms:edgeOptions: {debuggerAddress: localhost:49799}, msedge: {msedgedriverVersion: 131.0.2903.112 (16ab910a6e7..., userDataDir: C:\Users\Satee\AppData\Loca...}, networkConnectionEnabled: false, pageLoadStrategy: normal, platformName: windows, proxy: Proxy(), se:cdp: ws://localhost:49799/devtoo..., se:cdpVersion: 131.0.2903.112, setWindowRect: true, strictFileInteractability: false, timeouts: {implicit: 0, pageLoad: 300000, script: 30000}, unhandledPromptBehavior: dismiss and notify, webauthn:extension:credBlob: true, webauthn:extension:largeBlob: true, webauthn:extension:minPinLength: true, webauthn:extension:prf: true, webauthn:virtualAuthenticators: true}
Element: [[EdgeDriver: MicrosoftEdge on windows (4d215702bc29d6a564fb2081f4131b3e)] -> xpath: //input[@name='btnLogin']]
Session ID: 4d215702bc29d6a564fb2081f4131b3e
2025-01-09 11:29:53,625 [TestNG-test=Test-5] [ERROR] rootLogger:74:LoginPageObjects.java - stale element reference: stale element not found
  (Session info: MicrosoftEdge=131.0.2903.112)
For documentation on this error, please visit: https://www.selenium.dev/documentation/webdriver/troubleshooting/errors#stale-element-reference-exception
Build info: version: '4.20.0', revision: '866c76ca80'
System info: os.name: 'Windows 11', os.arch: 'amd64', os.version: '10.0', java.version: '11.0.20'
Driver info: org.openqa.selenium.edge.EdgeDriver
Command: [4d215702bc29d6a564fb2081f4131b3e, clickElement {id=f.A7C0B87846888D0D8EEB15E3242F3DD7.d.010252D397B87BE1D9190926E16F5513.e.7}]
Capabilities {acceptInsecureCerts: false, browserName: MicrosoftEdge, browserVersion: 131.0.2903.112, fedcm:accounts: true, ms:edgeOptions: {debuggerAddress: localhost:49799}, msedge: {msedgedriverVersion: 131.0.2903.112 (16ab910a6e7..., userDataDir: C:\Users\Satee\AppData\Loca...}, networkConnectionEnabled: false, pageLoadStrategy: normal, platformName: windows, proxy: Proxy(), se:cdp: ws://localhost:49799/devtoo..., se:cdpVersion: 131.0.2903.112, setWindowRect: true, strictFileInteractability: false, timeouts: {implicit: 0, pageLoad: 300000, script: 30000}, unhandledPromptBehavior: dismiss and notify, webauthn:extension:credBlob: true, webauthn:extension:largeBlob: true, webauthn:extension:minPinLength: true, webauthn:extension:prf: true, webauthn:virtualAuthenticators: true}
Element: [[EdgeDriver: MicrosoftEdge on windows (4d215702bc29d6a564fb2081f4131b3e)] -> xpath: //input[@name='btnLogin']]
Session ID: 4d215702bc29d6a564fb2081f4131b3e
2025-01-09 11:29:57,646 [TestNG-test=Test-4] [INFO ] rootLogger:40:LoginPageObjects.java - Entered Username: mngr26593
2025-01-09 11:29:57,752 [TestNG-test=Test-4] [INFO ] rootLogger:57:LoginPageObjects.java - Entered Username: 123Abc@
2025-01-09 11:29:58,653 [TestNG-test=Test-4] [INFO ] rootLogger:85:LoginPageObjects.java - Hit enter 
2025-01-09 11:30:49,303 [TestNG-test=Test-4] [INFO ] rootLogger:71:LoginPageObjects.java - Clicked on login 
2025-01-09 11:30:49,305 [TestNG-test=Test-5] [INFO ] rootLogger:40:LoginPageObjects.java - Entered Username: satesssh
2025-01-09 11:30:49,356 [TestNG-test=Test-3] [ERROR] rootLogger:45:LoginPageObjects.java - unexpected alert open: {Alert text : User or Password is not valid}
  (Session info: chrome=131.0.6778.205): User or Password is not valid
Build info: version: '4.20.0', revision: '866c76ca80'
System info: os.name: 'Windows 11', os.arch: 'amd64', os.version: '10.0', java.version: '11.0.20'
Driver info: org.openqa.selenium.chrome.ChromeDriver
Command: [46d7a5aa0692cdfab63abd27565bf3b0, sendKeysToElement {id=f.F9823E682CB91E0A8BF86F17831094FF.d.3E6AF43792DB67957623CBBF050D10F9.e.28, value=[Ljava.lang.CharSequence;@6500474d}]
Capabilities {acceptInsecureCerts: false, browserName: chrome, browserVersion: 131.0.6778.205, chrome: {chromedriverVersion: 131.0.6778.264 (2d05e315153..., userDataDir: C:\Users\Satee\AppData\Loca...}, fedcm:accounts: true, goog:chromeOptions: {debuggerAddress: localhost:50065}, networkConnectionEnabled: false, pageLoadStrategy: normal, platformName: windows, proxy: Proxy(), se:cdp: ws://localhost:50065/devtoo..., se:cdpVersion: 131.0.6778.205, setWindowRect: true, strictFileInteractability: false, timeouts: {implicit: 0, pageLoad: 300000, script: 30000}, unhandledPromptBehavior: dismiss and notify, webauthn:extension:credBlob: true, webauthn:extension:largeBlob: true, webauthn:extension:minPinLength: true, webauthn:extension:prf: true, webauthn:virtualAuthenticators: true}
Element: [[ChromeDriver: chrome on windows (46d7a5aa0692cdfab63abd27565bf3b0)] -> xpath: //input[@name='uid']]
Session ID: 46d7a5aa0692cdfab63abd27565bf3b0
2025-01-09 11:30:50,305 [TestNG-test=Test-1] [ERROR] rootLogger:45:LoginPageObjects.java - stale element reference: stale element not found
  (Session info: chrome=131.0.6778.205)
For documentation on this error, please visit: https://www.selenium.dev/documentation/webdriver/troubleshooting/errors#stale-element-reference-exception
Build info: version: '4.20.0', revision: '866c76ca80'
System info: os.name: 'Windows 11', os.arch: 'amd64', os.version: '10.0', java.version: '11.0.20'
Driver info: org.openqa.selenium.chrome.ChromeDriver
Command: [46d7a5aa0692cdfab63abd27565bf3b0, sendKeysToElement {id=f.F9823E682CB91E0A8BF86F17831094FF.d.3E6AF43792DB67957623CBBF050D10F9.e.28, value=[Ljava.lang.CharSequence;@16c942fb}]
Capabilities {acceptInsecureCerts: false, browserName: chrome, browserVersion: 131.0.6778.205, chrome: {chromedriverVersion: 131.0.6778.264 (2d05e315153..., userDataDir: C:\Users\Satee\AppData\Loca...}, fedcm:accounts: true, goog:chromeOptions: {debuggerAddress: localhost:50065}, networkConnectionEnabled: false, pageLoadStrategy: normal, platformName: windows, proxy: Proxy(), se:cdp: ws://localhost:50065/devtoo..., se:cdpVersion: 131.0.6778.205, setWindowRect: true, strictFileInteractability: false, timeouts: {implicit: 0, pageLoad: 300000, script: 30000}, unhandledPromptBehavior: dismiss and notify, webauthn:extension:credBlob: true, webauthn:extension:largeBlob: true, webauthn:extension:minPinLength: true, webauthn:extension:prf: true, webauthn:virtualAuthenticators: true}
Element: [[ChromeDriver: chrome on windows (46d7a5aa0692cdfab63abd27565bf3b0)] -> xpath: //input[@name='uid']]
Session ID: 46d7a5aa0692cdfab63abd27565bf3b0
2025-01-09 11:30:50,310 [TestNG-test=Test-2] [ERROR] rootLogger:45:LoginPageObjects.java - stale element reference: stale element not found
  (Session info: chrome=131.0.6778.205)
For documentation on this error, please visit: https://www.selenium.dev/documentation/webdriver/troubleshooting/errors#stale-element-reference-exception
Build info: version: '4.20.0', revision: '866c76ca80'
System info: os.name: 'Windows 11', os.arch: 'amd64', os.version: '10.0', java.version: '11.0.20'
Driver info: org.openqa.selenium.chrome.ChromeDriver
Command: [46d7a5aa0692cdfab63abd27565bf3b0, sendKeysToElement {id=f.F9823E682CB91E0A8BF86F17831094FF.d.3E6AF43792DB67957623CBBF050D10F9.e.28, value=[Ljava.lang.CharSequence;@7d59f754}]
Capabilities {acceptInsecureCerts: false, browserName: chrome, browserVersion: 131.0.6778.205, chrome: {chromedriverVersion: 131.0.6778.264 (2d05e315153..., userDataDir: C:\Users\Satee\AppData\Loca...}, fedcm:accounts: true, goog:chromeOptions: {debuggerAddress: localhost:50065}, networkConnectionEnabled: false, pageLoadStrategy: normal, platformName: windows, proxy: Proxy(), se:cdp: ws://localhost:50065/devtoo..., se:cdpVersion: 131.0.6778.205, setWindowRect: true, strictFileInteractability: false, timeouts: {implicit: 0, pageLoad: 300000, script: 30000}, unhandledPromptBehavior: dismiss and notify, webauthn:extension:credBlob: true, webauthn:extension:largeBlob: true, webauthn:extension:minPinLength: true, webauthn:extension:prf: true, webauthn:virtualAuthenticators: true}
Element: [[ChromeDriver: chrome on windows (46d7a5aa0692cdfab63abd27565bf3b0)] -> xpath: //input[@name='uid']]
Session ID: 46d7a5aa0692cdfab63abd27565bf3b0
2025-01-09 11:30:59,645 [TestNG-test=Test-4] [INFO ] rootLogger:40:LoginPageObjects.java - Entered Username: mngr26593
2025-01-09 11:30:59,763 [TestNG-test=Test-4] [INFO ] rootLogger:57:LoginPageObjects.java - Entered Username: 123Abc@
2025-01-09 11:31:00,695 [TestNG-test=Test-4] [INFO ] rootLogger:85:LoginPageObjects.java - Hit enter 
2025-01-09 11:32:53,660 [TestNG-test=Test-1] [ERROR] rootLogger:45:LoginPageObjects.java - java.util.concurrent.TimeoutException
Build info: version: '4.20.0', revision: '866c76ca80'
System info: os.name: 'Windows 11', os.arch: 'amd64', os.version: '10.0', java.version: '11.0.20'
Driver info: org.openqa.selenium.edge.EdgeDriver
Command: [4d215702bc29d6a564fb2081f4131b3e, sendKeysToElement {value=[Ljava.lang.CharSequence;@109c389b, id=f.A7C0B87846888D0D8EEB15E3242F3DD7.d.4CDDA8CF4350FDD6CC97B2EAB1EE443F.e.22}]
Capabilities {acceptInsecureCerts: false, browserName: MicrosoftEdge, browserVersion: 131.0.2903.112, fedcm:accounts: true, ms:edgeOptions: {debuggerAddress: localhost:49799}, msedge: {msedgedriverVersion: 131.0.2903.112 (16ab910a6e7..., userDataDir: C:\Users\Satee\AppData\Loca...}, networkConnectionEnabled: false, pageLoadStrategy: normal, platformName: windows, proxy: Proxy(), se:cdp: ws://localhost:49799/devtoo..., se:cdpVersion: 131.0.2903.112, setWindowRect: true, strictFileInteractability: false, timeouts: {implicit: 0, pageLoad: 300000, script: 30000}, unhandledPromptBehavior: dismiss and notify, webauthn:extension:credBlob: true, webauthn:extension:largeBlob: true, webauthn:extension:minPinLength: true, webauthn:extension:prf: true, webauthn:virtualAuthenticators: true}
Element: [[EdgeDriver: MicrosoftEdge on windows (4d215702bc29d6a564fb2081f4131b3e)] -> xpath: //input[@name='uid']]
2025-01-09 11:33:50,341 [TestNG-test=Test-5] [ERROR] rootLogger:60:LoginPageObjects.java - java.util.concurrent.TimeoutException
Build info: version: '4.20.0', revision: '866c76ca80'
System info: os.name: 'Windows 11', os.arch: 'amd64', os.version: '10.0', java.version: '11.0.20'
Driver info: org.openqa.selenium.chrome.ChromeDriver
Command: [46d7a5aa0692cdfab63abd27565bf3b0, sendKeysToElement {id=f.F9823E682CB91E0A8BF86F17831094FF.d.A38CDFF91CF54244469A267C70B36D26.e.44, value=[Ljava.lang.CharSequence;@4f09d55b}]
Capabilities {acceptInsecureCerts: false, browserName: chrome, browserVersion: 131.0.6778.205, chrome: {chromedriverVersion: 131.0.6778.264 (2d05e315153..., userDataDir: C:\Users\Satee\AppData\Loca...}, fedcm:accounts: true, goog:chromeOptions: {debuggerAddress: localhost:50065}, networkConnectionEnabled: false, pageLoadStrategy: normal, platformName: windows, proxy: Proxy(), se:cdp: ws://localhost:50065/devtoo..., se:cdpVersion: 131.0.6778.205, setWindowRect: true, strictFileInteractability: false, timeouts: {implicit: 0, pageLoad: 300000, script: 30000}, unhandledPromptBehavior: dismiss and notify, webauthn:extension:credBlob: true, webauthn:extension:largeBlob: true, webauthn:extension:minPinLength: true, webauthn:extension:prf: true, webauthn:virtualAuthenticators: true}
Element: [[ChromeDriver: chrome on windows (46d7a5aa0692cdfab63abd27565bf3b0)] -> xpath: //input[@name='password']]
2025-01-09 11:38:13,187 [TestNG-test=Test-4] [INFO ] rootLogger:71:LoginPageObjects.java - Clicked on login 
2025-01-09 11:38:13,553 [TestNG-test=Test-2] [INFO ] rootLogger:40:LoginPageObjects.java - Entered Username: mngr26593
2025-01-09 11:38:13,606 [TestNG-test=Test-5] [INFO ] rootLogger:40:LoginPageObjects.java - Entered Username: satesssh
2025-01-09 11:38:13,812 [TestNG-test=Test-2] [INFO ] rootLogger:57:LoginPageObjects.java - Entered Username: Sateesh@123
2025-01-09 11:38:13,812 [TestNG-test=Test-5] [INFO ] rootLogger:57:LoginPageObjects.java - Entered Username: Sateesh@123
2025-01-09 11:38:14,270 [TestNG-test=Test-2] [INFO ] rootLogger:71:LoginPageObjects.java - Clicked on login 
2025-01-09 11:38:14,496 [TestNG-test=Test-1] [INFO ] rootLogger:40:LoginPageObjects.java - Entered Username: mngr26593
2025-01-09 11:38:14,507 [TestNG-test=Test-5] [INFO ] rootLogger:71:LoginPageObjects.java - Clicked on login 
2025-01-09 11:38:14,716 [TestNG-test=Test-3] [INFO ] rootLogger:40:LoginPageObjects.java - Entered Username: Sateesh@gmail.com
2025-01-09 11:38:14,848 [TestNG-test=Test-1] [INFO ] rootLogger:57:LoginPageObjects.java - Entered Username: 123Abc@
2025-01-09 11:38:14,899 [TestNG-test=Test-3] [INFO ] rootLogger:57:LoginPageObjects.java - Entered Username: 123Abc@
2025-01-09 11:38:15,764 [TestNG-test=Test-3] [INFO ] rootLogger:71:LoginPageObjects.java - Clicked on login 
2025-01-09 11:38:16,099 [TestNG-test=Test-1] [INFO ] rootLogger:71:LoginPageObjects.java - Clicked on login 
2025-01-09 11:38:19,216 [TestNG-test=Test-2] [INFO ] rootLogger:40:LoginPageObjects.java - Entered Username: mngr26593
2025-01-09 11:38:19,285 [TestNG-test=Test-2] [INFO ] rootLogger:57:LoginPageObjects.java - Entered Username: 123Abc@
2025-01-09 11:38:20,079 [TestNG-test=Test-2] [INFO ] rootLogger:85:LoginPageObjects.java - Hit enter 
2025-01-09 11:42:13,561 [TestNG-test=Test-4] [INFO ] rootLogger:72:LoginPageObjects.java - Clicked on login 
2025-01-09 11:42:15,104 [TestNG-test=Test-3] [INFO ] rootLogger:40:LoginPageObjects.java - Entered Username: Sateesh@gmail.com
2025-01-09 11:42:15,284 [TestNG-test=Test-3] [INFO ] rootLogger:58:LoginPageObjects.java - Entered Username: 123Abc@
2025-01-09 11:42:15,370 [TestNG-test=Test-5] [INFO ] rootLogger:40:LoginPageObjects.java - Entered Username: satesssh
2025-01-09 11:42:15,518 [TestNG-test=Test-5] [INFO ] rootLogger:58:LoginPageObjects.java - Entered Username: Sateesh@123
2025-01-09 11:42:15,642 [TestNG-test=Test-3] [INFO ] rootLogger:72:LoginPageObjects.java - Clicked on login 
2025-01-09 11:42:15,973 [TestNG-test=Test-5] [INFO ] rootLogger:72:LoginPageObjects.java - Clicked on login 
2025-01-09 11:42:16,306 [TestNG-test=Test-2] [INFO ] rootLogger:40:LoginPageObjects.java - Entered Username: mngr26593
2025-01-09 11:42:16,998 [TestNG-test=Test-2] [INFO ] rootLogger:58:LoginPageObjects.java - Entered Username: Sateesh@123
2025-01-09 11:42:17,437 [TestNG-test=Test-2] [INFO ] rootLogger:72:LoginPageObjects.java - Clicked on login 
2025-01-09 11:42:19,111 [TestNG-test=Test-1] [INFO ] rootLogger:40:LoginPageObjects.java - Entered Username: mngr26593
2025-01-09 11:42:19,222 [TestNG-test=Test-1] [INFO ] rootLogger:58:LoginPageObjects.java - Entered Username: 123Abc@
2025-01-09 11:42:19,238 [TestNG-test=Test-4] [INFO ] rootLogger:40:LoginPageObjects.java - Entered Username: mngr26593
2025-01-09 11:42:19,352 [TestNG-test=Test-4] [INFO ] rootLogger:58:LoginPageObjects.java - Entered Username: 123Abc@
2025-01-09 11:42:20,140 [TestNG-test=Test-4] [INFO ] rootLogger:86:LoginPageObjects.java - Hit enter 
2025-01-09 11:42:21,057 [TestNG-test=Test-1] [INFO ] rootLogger:72:LoginPageObjects.java - Clicked on login 
2025-01-09 11:49:16,599 [TestNG-test=Test-1] [INFO ] rootLogger:40:LoginPageObjects.java - Entered Username: mngr26593
2025-01-09 11:49:16,675 [TestNG-test=Test-2] [INFO ] rootLogger:40:LoginPageObjects.java - Entered Username: Sateesh@gmail.com
2025-01-09 11:49:16,756 [TestNG-test=Test-1] [INFO ] rootLogger:58:LoginPageObjects.java - Entered Username: 123Abc@
2025-01-09 11:49:16,794 [TestNG-test=Test-2] [INFO ] rootLogger:58:LoginPageObjects.java - Entered Username: 123Abc@
2025-01-09 11:49:17,124 [TestNG-test=Test-2] [INFO ] rootLogger:72:LoginPageObjects.java - Clicked on login 
2025-01-09 11:49:17,615 [TestNG-test=Test-1] [INFO ] rootLogger:72:LoginPageObjects.java - Clicked on login 
2025-01-09 11:49:21,346 [TestNG-test=Test-2] [INFO ] rootLogger:72:LoginPageObjects.java - Clicked on login 
2025-01-09 11:49:21,698 [TestNG-test=Test-1] [INFO ] rootLogger:40:LoginPageObjects.java - Entered Username: mngr26593
2025-01-09 11:49:21,872 [TestNG-test=Test-1] [INFO ] rootLogger:58:LoginPageObjects.java - Entered Username: Sateesh@123
2025-01-09 11:49:22,177 [TestNG-test=Test-1] [INFO ] rootLogger:72:LoginPageObjects.java - Clicked on login 
2025-01-09 11:49:25,767 [TestNG-test=Test-2] [INFO ] rootLogger:40:LoginPageObjects.java - Entered Username: satesssh
2025-01-09 11:49:25,881 [TestNG-test=Test-2] [INFO ] rootLogger:58:LoginPageObjects.java - Entered Username: Sateesh@123
2025-01-09 11:49:26,091 [TestNG-test=Test-1] [INFO ] rootLogger:40:LoginPageObjects.java - Entered Username: mngr26593
2025-01-09 11:49:26,170 [TestNG-test=Test-1] [INFO ] rootLogger:58:LoginPageObjects.java - Entered Username: 123Abc@
2025-01-09 11:49:26,231 [TestNG-test=Test-2] [INFO ] rootLogger:72:LoginPageObjects.java - Clicked on login 
2025-01-09 11:49:26,969 [TestNG-test=Test-1] [INFO ] rootLogger:86:LoginPageObjects.java - Hit enter 
2025-01-09 11:52:25,243 [TestNG-test=Test-2] [INFO ] rootLogger:40:LoginPageObjects.java - Entered Username: mngr26593
2025-01-09 11:52:25,254 [TestNG-test=Test-1] [INFO ] rootLogger:40:LoginPageObjects.java - Entered Username: mngr26593
2025-01-09 11:52:25,377 [TestNG-test=Test-1] [INFO ] rootLogger:58:LoginPageObjects.java - Entered Username: 123Abc@
2025-01-09 11:52:25,404 [TestNG-test=Test-2] [INFO ] rootLogger:58:LoginPageObjects.java - Entered Username: 123Abc@
2025-01-09 11:52:26,325 [TestNG-test=Test-2] [INFO ] rootLogger:86:LoginPageObjects.java - Hit enter 
2025-01-09 11:52:26,326 [TestNG-test=Test-1] [INFO ] rootLogger:72:LoginPageObjects.java - Clicked on login 
2025-01-11 13:14:19,533 [TestNG-test=Test-2] [INFO ] rootLogger:47:LoginPageObjects.java - Entered Username: Sateesh@gmail.com
2025-01-11 13:14:19,559 [TestNG-test=Test-1] [INFO ] rootLogger:47:LoginPageObjects.java - Entered Username: mngr26593
2025-01-11 13:14:19,614 [TestNG-test=Test-2] [INFO ] rootLogger:65:LoginPageObjects.java - Entered Username: 123Abc@
2025-01-11 13:14:19,630 [TestNG-test=Test-1] [INFO ] rootLogger:65:LoginPageObjects.java - Entered Username: 123Abc@
2025-01-11 13:14:19,956 [TestNG-test=Test-2] [INFO ] rootLogger:79:LoginPageObjects.java - Clicked on login 
2025-01-11 13:14:20,411 [TestNG-test=Test-1] [INFO ] rootLogger:79:LoginPageObjects.java - Clicked on login 
2025-01-11 13:14:24,029 [TestNG-test=Test-1] [INFO ] rootLogger:47:LoginPageObjects.java - Entered Username: mngr26593
2025-01-11 13:14:24,081 [TestNG-test=Test-1] [INFO ] rootLogger:65:LoginPageObjects.java - Entered Username: Sateesh@123
2025-01-11 13:14:24,113 [TestNG-test=Test-2] [INFO ] rootLogger:79:LoginPageObjects.java - Clicked on login 
2025-01-11 13:14:24,427 [TestNG-test=Test-1] [INFO ] rootLogger:79:LoginPageObjects.java - Clicked on login 
2025-01-11 13:14:27,647 [TestNG-test=Test-2] [INFO ] rootLogger:47:LoginPageObjects.java - Entered Username: satesssh
2025-01-11 13:14:27,700 [TestNG-test=Test-2] [INFO ] rootLogger:65:LoginPageObjects.java - Entered Username: Sateesh@123
2025-01-11 13:14:27,996 [TestNG-test=Test-2] [INFO ] rootLogger:79:LoginPageObjects.java - Clicked on login 
2025-01-11 13:14:28,051 [TestNG-test=Test-1] [INFO ] rootLogger:47:LoginPageObjects.java - Entered Username: mngr26593
2025-01-11 13:14:28,123 [TestNG-test=Test-1] [INFO ] rootLogger:65:LoginPageObjects.java - Entered Username: 123Abc@
2025-01-11 13:14:28,896 [TestNG-test=Test-1] [INFO ] rootLogger:93:LoginPageObjects.java - Hit enter 
2025-01-11 13:18:55,746 [TestNG-test=Test-1] [INFO ] rootLogger:47:LoginPageObjects.java - Entered Username: mngr26593
2025-01-11 13:18:55,746 [TestNG-test=Test-2] [INFO ] rootLogger:47:LoginPageObjects.java - Entered Username: Sateesh@gmail.com
2025-01-11 13:18:55,824 [TestNG-test=Test-2] [INFO ] rootLogger:65:LoginPageObjects.java - Entered Username: 123Abc@
2025-01-11 13:18:55,824 [TestNG-test=Test-1] [INFO ] rootLogger:65:LoginPageObjects.java - Entered Username: 123Abc@
2025-01-11 13:18:56,122 [TestNG-test=Test-2] [INFO ] rootLogger:79:LoginPageObjects.java - Clicked on login 
2025-01-11 13:18:56,575 [TestNG-test=Test-1] [INFO ] rootLogger:79:LoginPageObjects.java - Clicked on login 
2025-01-11 13:19:00,986 [TestNG-test=Test-2] [INFO ] rootLogger:79:LoginPageObjects.java - Clicked on login 
2025-01-11 13:19:01,591 [TestNG-test=Test-1] [INFO ] rootLogger:47:LoginPageObjects.java - Entered Username: mngr26593
2025-01-11 13:19:01,672 [TestNG-test=Test-1] [INFO ] rootLogger:65:LoginPageObjects.java - Entered Username: Sateesh@123
2025-01-11 13:19:01,977 [TestNG-test=Test-1] [INFO ] rootLogger:79:LoginPageObjects.java - Clicked on login 
2025-01-11 13:19:04,207 [TestNG-test=Test-2] [INFO ] rootLogger:47:LoginPageObjects.java - Entered Username: satesssh
2025-01-11 13:19:04,273 [TestNG-test=Test-2] [INFO ] rootLogger:65:LoginPageObjects.java - Entered Username: Sateesh@123
2025-01-11 13:19:04,554 [TestNG-test=Test-2] [INFO ] rootLogger:79:LoginPageObjects.java - Clicked on login 
2025-01-11 13:19:05,601 [TestNG-test=Test-1] [INFO ] rootLogger:47:LoginPageObjects.java - Entered Username: mngr26593
2025-01-11 13:19:05,677 [TestNG-test=Test-1] [INFO ] rootLogger:65:LoginPageObjects.java - Entered Username: 123Abc@
2025-01-11 13:19:06,401 [TestNG-test=Test-1] [INFO ] rootLogger:93:LoginPageObjects.java - Hit enter 
2025-01-11 13:19:35,226 [TestNG-test=Test-1] [INFO ] rootLogger:47:LoginPageObjects.java - Entered Username: mngr26593
2025-01-11 13:19:35,300 [TestNG-test=Test-1] [INFO ] rootLogger:65:LoginPageObjects.java - Entered Username: 123Abc@
2025-01-11 13:19:35,508 [TestNG-test=Test-2] [INFO ] rootLogger:47:LoginPageObjects.java - Entered Username: mngr26593
2025-01-11 13:19:35,563 [TestNG-test=Test-2] [INFO ] rootLogger:65:LoginPageObjects.java - Entered Username: 123Abc@
2025-01-11 13:19:36,043 [TestNG-test=Test-1] [INFO ] rootLogger:79:LoginPageObjects.java - Clicked on login 
2025-01-11 13:19:36,273 [TestNG-test=Test-2] [INFO ] rootLogger:93:LoginPageObjects.java - Hit enter 
